#
# There is insufficient memory for the Java Runtime Environment to continue.
# Native memory allocation (malloc) failed to allocate 1048576 bytes. Error detail: AllocateHeap
# Possible reasons:
#   The system is out of physical RAM or swap space
#   This process is running with CompressedOops enabled, and the Java Heap may be blocking the growth of the native heap
# Possible solutions:
#   Reduce memory load on the system
#   Increase physical memory or swap space
#   Check if swap backing store is full
#   Decrease Java heap size (-Xmx/-Xms)
#   Decrease number of Java threads
#   Decrease Java thread stack sizes (-Xss)
#   Set larger code cache with -XX:ReservedCodeCacheSize=
#   JVM is running with Unscaled Compressed Oops mode in which the Java heap is
#     placed in the first 4GB address space. The Java Heap base address is the
#     maximum limit for the native heap growth. Please use -XX:HeapBaseMinAddress
#     to set the Java Heap base and to place the Java Heap above 4GB virtual address.
# This output file may be truncated or incomplete.
#
#  Out of Memory Error (allocation.cpp:44), pid=11140, tid=3600
#
# JRE version: OpenJDK Runtime Environment Temurin-17.0.12+7 (17.0.12+7) (build 17.0.12+7)
# Java VM: OpenJDK 64-Bit Server VM Temurin-17.0.12+7 (17.0.12+7, mixed mode, emulated-client, tiered, compressed oops, compressed class ptrs, g1 gc, windows-amd64)
# No core dump will be written. Minidumps are not enabled by default on client versions of Windows
#

---------------  S U M M A R Y ------------

Command Line: -Xmx1024m -Dsts.lsp.client=vscode -Dsts.log.file=/dev/null -XX:TieredStopAtLevel=1 -Xlog:jni+resolve=off -Dspring.config.location=file:c:\Users\user\.vscode\extensions\vmware.vscode-spring-boot-1.56.0\language-server\BOOT-INF\classes\application.properties org.springframework.ide.vscode.boot.app.BootLanguageServerBootApp

Host: Intel(R) Core(TM) i3-7100U CPU @ 2.40GHz, 4 cores, 7G,  Windows 10 , 64 bit Build 19041 (10.0.19041.3031)
Time: Fri Sep  6 19:52:37 2024 Mountain Daylight Time elapsed time: 6602.844947 seconds (0d 1h 50m 2s)

---------------  T H R E A D  ---------------

Current thread (0x0000022e96c8ce80):  VMThread "VM Thread" [stack: 0x000000fb47700000,0x000000fb47800000] [id=3600]

Stack: [0x000000fb47700000,0x000000fb47800000]
Native frames: (J=compiled Java code, j=interpreted, Vv=VM code, C=native code)
V  [jvm.dll+0x67f929]
V  [jvm.dll+0x8371ba]
V  [jvm.dll+0x838c7e]
V  [jvm.dll+0x8392e3]
V  [jvm.dll+0x24834f]
V  [jvm.dll+0xa70d3]
V  [jvm.dll+0x2f9073]
V  [jvm.dll+0x2f4d00]
V  [jvm.dll+0x2dd82f]
V  [jvm.dll+0x3201f7]
V  [jvm.dll+0x83d7dd]
V  [jvm.dll+0x83e522]
V  [jvm.dll+0x83ea4f]
V  [jvm.dll+0x83ee34]
V  [jvm.dll+0x83ef00]
V  [jvm.dll+0x7e65dc]
V  [jvm.dll+0x67e7f7]
C  [ucrtbase.dll+0x21bb2]
C  [KERNEL32.DLL+0x17614]
C  [ntdll.dll+0x526f1]

VM_Operation (0x000000fb487fe8c0): G1CollectFull, mode: safepoint, requested by thread 0x0000022e9c1ebb50


---------------  P R O C E S S  ---------------

Threads class SMR info:
_java_thread_list=0x0000022e9c480810, length=19, elements={
0x0000022e96ca5750, 0x0000022e96ca65d0, 0x0000022e9b0094a0, 0x0000022e9b009e60,
0x0000022e9b00a820, 0x0000022e9b00b1e0, 0x0000022e9b00bc50, 0x0000022e9b00e520,
0x0000022e9b1fc200, 0x0000022e9b1fe990, 0x0000022e9c6aa040, 0x0000022e9c1ebb50,
0x0000022e9bb85020, 0x0000022e8c72e1b0, 0x0000022e9c24c030, 0x0000022e9c817950,
0x0000022e9c91c0b0, 0x0000022e9c91c5c0, 0x0000022e9c91cfe0
}

Java Threads: ( => current thread )
  0x0000022e96ca5750 JavaThread "Reference Handler" daemon [_thread_blocked, id=10632, stack(0x000000fb47800000,0x000000fb47900000)]
  0x0000022e96ca65d0 JavaThread "Finalizer" daemon [_thread_blocked, id=2768, stack(0x000000fb47900000,0x000000fb47a00000)]
  0x0000022e9b0094a0 JavaThread "Signal Dispatcher" daemon [_thread_blocked, id=7540, stack(0x000000fb47a00000,0x000000fb47b00000)]
  0x0000022e9b009e60 JavaThread "Attach Listener" daemon [_thread_blocked, id=1804, stack(0x000000fb47b00000,0x000000fb47c00000)]
  0x0000022e9b00a820 JavaThread "Service Thread" daemon [_thread_blocked, id=15940, stack(0x000000fb47c00000,0x000000fb47d00000)]
  0x0000022e9b00b1e0 JavaThread "Monitor Deflation Thread" daemon [_thread_blocked, id=16144, stack(0x000000fb47d00000,0x000000fb47e00000)]
  0x0000022e9b00bc50 JavaThread "C1 CompilerThread0" daemon [_thread_blocked, id=17564, stack(0x000000fb47e00000,0x000000fb47f00000)]
  0x0000022e9b00e520 JavaThread "Sweeper thread" daemon [_thread_blocked, id=10528, stack(0x000000fb47f00000,0x000000fb48000000)]
  0x0000022e9b1fc200 JavaThread "Notification Thread" daemon [_thread_blocked, id=13904, stack(0x000000fb48000000,0x000000fb48100000)]
  0x0000022e9b1fe990 JavaThread "Common-Cleaner" daemon [_thread_blocked, id=15320, stack(0x000000fb48200000,0x000000fb48300000)]
  0x0000022e9c6aa040 JavaThread "boundedElastic-evictor-1" daemon [_thread_blocked, id=14028, stack(0x000000fb48500000,0x000000fb48600000)]
  0x0000022e9c1ebb50 JavaThread "pool-13-thread-1" [_thread_blocked, id=1420, stack(0x000000fb48700000,0x000000fb48800000)]
  0x0000022e9bb85020 JavaThread "LanguageServerApp-lifecycle" [_thread_blocked, id=1032, stack(0x000000fb48800000,0x000000fb48900000)]
  0x0000022e8c72e1b0 JavaThread "DestroyJavaVM" [_thread_blocked, id=14728, stack(0x000000fb47100000,0x000000fb47200000)]
  0x0000022e9c24c030 JavaThread "pool-14-thread-1" [_thread_in_native, id=10168, stack(0x000000fb48900000,0x000000fb48a00000)]
  0x0000022e9c817950 JavaThread "Simple-Language-Server main thread" daemon [_thread_blocked, id=11340, stack(0x000000fb48a00000,0x000000fb48b00000)]
  0x0000022e9c91c0b0 JavaThread "parallel-1" daemon [_thread_blocked, id=5212, stack(0x000000fb48b00000,0x000000fb48c00000)]
  0x0000022e9c91c5c0 JavaThread "pool-6-thread-1" [_thread_blocked, id=4044, stack(0x000000fb48c00000,0x000000fb48d00000)]
  0x0000022e9c91cfe0 JavaThread "parallel-2" daemon [_thread_blocked, id=6928, stack(0x000000fb49200000,0x000000fb49300000)]

Other Threads:
=>0x0000022e96c8ce80 VMThread "VM Thread" [stack: 0x000000fb47700000,0x000000fb47800000] [id=3600]
  0x0000022e9b1fc6e0 WatcherThread [stack: 0x000000fb48100000,0x000000fb48200000] [id=12676]
  0x0000022e8c76a060 GCTaskThread "GC Thread#0" [stack: 0x000000fb47200000,0x000000fb47300000] [id=9840]
  0x0000022e9b7f0050 GCTaskThread "GC Thread#1" [stack: 0x000000fb48300000,0x000000fb48400000] [id=3488]
  0x0000022e9b7f0310 GCTaskThread "GC Thread#2" [stack: 0x000000fb48400000,0x000000fb48500000] [id=14900]
  0x0000022e9bc89270 GCTaskThread "GC Thread#3" [stack: 0x000000fb48600000,0x000000fb48700000] [id=13172]
  0x0000022e8c772fb0 ConcurrentGCThread "G1 Main Marker" [stack: 0x000000fb47300000,0x000000fb47400000] [id=13152]
  0x0000022e8c7739d0 ConcurrentGCThread "G1 Conc#0" [stack: 0x000000fb47400000,0x000000fb47500000] [id=17536]
  0x0000022e8c7d8df0 ConcurrentGCThread "G1 Refine#0" [stack: 0x000000fb47500000,0x000000fb47600000] [id=4868]
  0x0000022e8c7d9820 ConcurrentGCThread "G1 Service" [stack: 0x000000fb47600000,0x000000fb47700000] [id=16376]

Threads with active compile tasks:

VM state: at safepoint (normal execution)

VM Mutex/Monitor currently owned by a thread:  ([mutex/lock_event])
[0x0000022e8a564c40] Threads_lock - owner thread: 0x0000022e96c8ce80
[0x0000022e8c72b970] Heap_lock - owner thread: 0x0000022e9c1ebb50

Heap address: 0x00000000c0000000, size: 1024 MB, Compressed Oops mode: 32-bit

CDS archive(s) not mapped
Compressed class space mapped at: 0x0000000100000000-0x0000000140000000, reserved size: 1073741824
Narrow klass base: 0x0000000000000000, Narrow klass shift: 3, Narrow klass range: 0x140000000

GC Precious Log:
 CPUs: 4 total, 4 available
 Memory: 8103M
 Large Page Support: Disabled
 NUMA Support: Disabled
 Compressed Oops: Enabled (32-bit)
 Heap Region Size: 1M
 Heap Min Capacity: 8M
 Heap Initial Capacity: 128M
 Heap Max Capacity: 1G
 Pre-touch: Disabled
 Parallel Workers: 4
 Concurrent Workers: 1
 Concurrent Refinement Workers: 4
 Periodic GC: Disabled

Heap:
 garbage-first heap   total 78848K, used 27162K [0x00000000c0000000, 0x0000000100000000)
  region size 1024K, 1 young (1024K), 0 survivors (0K)
 Metaspace       used 50015K, committed 50752K, reserved 1114112K
  class space    used 6287K, committed 6592K, reserved 1048576K

Heap Regions: E=young(eden), S=young(survivor), O=old, HS=humongous(starts), HC=humongous(continues), CS=collection set, F=free, OA=open archive, CA=closed archive, TAMS=top-at-mark-start (previous, next)
|   0|0x00000000c0000000, 0x00000000c0100000, 0x00000000c0100000|100%|HS|  |TAMS 0x00000000c0100000, 0x00000000c0000000| Untracked 
|   1|0x00000000c0100000, 0x00000000c0200000, 0x00000000c0200000|100%|HC|  |TAMS 0x00000000c0200000, 0x00000000c0100000| Untracked 
|   2|0x00000000c0200000, 0x00000000c0300000, 0x00000000c0300000|100%|HC|  |TAMS 0x00000000c0300000, 0x00000000c0200000| Untracked 
|   3|0x00000000c0300000, 0x00000000c0400000, 0x00000000c0400000|100%|HC|  |TAMS 0x00000000c0400000, 0x00000000c0300000| Untracked 
|   4|0x00000000c0400000, 0x00000000c0500000, 0x00000000c0500000|100%| O|  |TAMS 0x00000000c0500000, 0x00000000c0400000| Untracked 
|   5|0x00000000c0500000, 0x00000000c0600000, 0x00000000c0600000|100%| O|  |TAMS 0x00000000c0600000, 0x00000000c0500000| Untracked 
|   6|0x00000000c0600000, 0x00000000c06fffe8, 0x00000000c0700000| 99%| O|  |TAMS 0x00000000c06fffe8, 0x00000000c0600000| Untracked 
|   7|0x00000000c0700000, 0x00000000c0800000, 0x00000000c0800000|100%| O|  |TAMS 0x00000000c0800000, 0x00000000c0700000| Untracked 
|   8|0x00000000c0800000, 0x00000000c0900000, 0x00000000c0900000|100%| O|  |TAMS 0x00000000c0900000, 0x00000000c0800000| Untracked 
|   9|0x00000000c0900000, 0x00000000c0a00000, 0x00000000c0a00000|100%| O|  |TAMS 0x00000000c0a00000, 0x00000000c0900000| Untracked 
|  10|0x00000000c0a00000, 0x00000000c0b00000, 0x00000000c0b00000|100%|HS|  |TAMS 0x00000000c0b00000, 0x00000000c0a00000| Untracked 
|  11|0x00000000c0b00000, 0x00000000c0c00000, 0x00000000c0c00000|100%|HC|  |TAMS 0x00000000c0c00000, 0x00000000c0b00000| Untracked 
|  12|0x00000000c0c00000, 0x00000000c0d00000, 0x00000000c0d00000|100%| O|  |TAMS 0x00000000c0d00000, 0x00000000c0c00000| Untracked 
|  13|0x00000000c0d00000, 0x00000000c0e00000, 0x00000000c0e00000|100%| O|  |TAMS 0x00000000c0e00000, 0x00000000c0d00000| Untracked 
|  14|0x00000000c0e00000, 0x00000000c0f00000, 0x00000000c0f00000|100%| O|  |TAMS 0x00000000c0f00000, 0x00000000c0e00000| Untracked 
|  15|0x00000000c0f00000, 0x00000000c0ffffe8, 0x00000000c1000000| 99%| O|  |TAMS 0x00000000c0ffffe8, 0x00000000c0f00000| Untracked 
|  16|0x00000000c1000000, 0x00000000c10fffb8, 0x00000000c1100000| 99%| O|  |TAMS 0x00000000c10fffb8, 0x00000000c1000000| Untracked 
|  17|0x00000000c1100000, 0x00000000c11fffe8, 0x00000000c1200000| 99%| O|  |TAMS 0x00000000c11fffe8, 0x00000000c1100000| Untracked 
|  18|0x00000000c1200000, 0x00000000c12fffe0, 0x00000000c1300000| 99%| O|  |TAMS 0x00000000c12fffe0, 0x00000000c1200000| Untracked 
|  19|0x00000000c1300000, 0x00000000c1400000, 0x00000000c1400000|100%| O|  |TAMS 0x00000000c1400000, 0x00000000c1300000| Untracked 
|  20|0x00000000c1400000, 0x00000000c14ffff8, 0x00000000c1500000| 99%| O|  |TAMS 0x00000000c14ffff8, 0x00000000c1400000| Untracked 
|  21|0x00000000c1500000, 0x00000000c15ffff0, 0x00000000c1600000| 99%| O|  |TAMS 0x00000000c15ffff0, 0x00000000c1500000| Untracked 
|  22|0x00000000c1600000, 0x00000000c16ffff8, 0x00000000c1700000| 99%| O|  |TAMS 0x00000000c16ffff8, 0x00000000c1600000| Untracked 
|  23|0x00000000c1700000, 0x00000000c17ffe78, 0x00000000c1800000| 99%| O|  |TAMS 0x00000000c17ffe78, 0x00000000c1700000| Untracked 
|  24|0x00000000c1800000, 0x00000000c1900000, 0x00000000c1900000|100%| O|  |TAMS 0x00000000c1900000, 0x00000000c1800000| Untracked 
|  25|0x00000000c1900000, 0x00000000c19fffe0, 0x00000000c1a00000| 99%| O|  |TAMS 0x00000000c19fffe0, 0x00000000c1900000| Untracked 
|  26|0x00000000c1a00000, 0x00000000c1a86788, 0x00000000c1b00000| 52%| O|  |TAMS 0x00000000c1a00000, 0x00000000c1a00000| Untracked 
|  27|0x00000000c1b00000, 0x00000000c1b00488, 0x00000000c1c00000|  0%| O|  |TAMS 0x00000000c1b00000, 0x00000000c1b00000| Untracked 
|  28|0x00000000c1c00000, 0x00000000c1c00000, 0x00000000c1d00000|  0%| F|  |TAMS 0x00000000c1c00000, 0x00000000c1c00000| Untracked 
|  29|0x00000000c1d00000, 0x00000000c1d00000, 0x00000000c1e00000|  0%| F|  |TAMS 0x00000000c1d00000, 0x00000000c1d00000| Untracked 
|  30|0x00000000c1e00000, 0x00000000c1e00000, 0x00000000c1f00000|  0%| F|  |TAMS 0x00000000c1e00000, 0x00000000c1e00000| Untracked 
|  31|0x00000000c1f00000, 0x00000000c1f00000, 0x00000000c2000000|  0%| F|  |TAMS 0x00000000c1f00000, 0x00000000c1f00000| Untracked 
|  32|0x00000000c2000000, 0x00000000c2000000, 0x00000000c2100000|  0%| F|  |TAMS 0x00000000c2000000, 0x00000000c2000000| Untracked 
|  33|0x00000000c2100000, 0x00000000c2100000, 0x00000000c2200000|  0%| F|  |TAMS 0x00000000c2100000, 0x00000000c2100000| Untracked 
|  34|0x00000000c2200000, 0x00000000c2200000, 0x00000000c2300000|  0%| F|  |TAMS 0x00000000c2200000, 0x00000000c2200000| Untracked 
|  35|0x00000000c2300000, 0x00000000c2300000, 0x00000000c2400000|  0%| F|  |TAMS 0x00000000c2300000, 0x00000000c2300000| Untracked 
|  36|0x00000000c2400000, 0x00000000c2400000, 0x00000000c2500000|  0%| F|  |TAMS 0x00000000c2400000, 0x00000000c2400000| Untracked 
|  37|0x00000000c2500000, 0x00000000c2500000, 0x00000000c2600000|  0%| F|  |TAMS 0x00000000c2500000, 0x00000000c2500000| Untracked 
|  38|0x00000000c2600000, 0x00000000c2600000, 0x00000000c2700000|  0%| F|  |TAMS 0x00000000c2600000, 0x00000000c2600000| Untracked 
|  39|0x00000000c2700000, 0x00000000c2700000, 0x00000000c2800000|  0%| F|  |TAMS 0x00000000c2700000, 0x00000000c2700000| Untracked 
|  40|0x00000000c2800000, 0x00000000c2800000, 0x00000000c2900000|  0%| F|  |TAMS 0x00000000c2800000, 0x00000000c2800000| Untracked 
|  41|0x00000000c2900000, 0x00000000c2900000, 0x00000000c2a00000|  0%| F|  |TAMS 0x00000000c2900000, 0x00000000c2900000| Untracked 
|  42|0x00000000c2a00000, 0x00000000c2a00000, 0x00000000c2b00000|  0%| F|  |TAMS 0x00000000c2a00000, 0x00000000c2a00000| Untracked 
|  43|0x00000000c2b00000, 0x00000000c2b00000, 0x00000000c2c00000|  0%| F|  |TAMS 0x00000000c2b00000, 0x00000000c2b00000| Untracked 
|  44|0x00000000c2c00000, 0x00000000c2c00000, 0x00000000c2d00000|  0%| F|  |TAMS 0x00000000c2c00000, 0x00000000c2c00000| Untracked 
|  45|0x00000000c2d00000, 0x00000000c2d00000, 0x00000000c2e00000|  0%| F|  |TAMS 0x00000000c2d00000, 0x00000000c2d00000| Untracked 
|  46|0x00000000c2e00000, 0x00000000c2e00000, 0x00000000c2f00000|  0%| F|  |TAMS 0x00000000c2e00000, 0x00000000c2e00000| Untracked 
|  47|0x00000000c2f00000, 0x00000000c2f00000, 0x00000000c3000000|  0%| F|  |TAMS 0x00000000c2f00000, 0x00000000c2f00000| Untracked 
|  48|0x00000000c3000000, 0x00000000c3000000, 0x00000000c3100000|  0%| F|  |TAMS 0x00000000c3000000, 0x00000000c3000000| Untracked 
|  49|0x00000000c3100000, 0x00000000c3100000, 0x00000000c3200000|  0%| F|  |TAMS 0x00000000c3100000, 0x00000000c3100000| Untracked 
|  50|0x00000000c3200000, 0x00000000c3200000, 0x00000000c3300000|  0%| F|  |TAMS 0x00000000c3200000, 0x00000000c3200000| Untracked 
|  51|0x00000000c3300000, 0x00000000c3300000, 0x00000000c3400000|  0%| F|  |TAMS 0x00000000c3300000, 0x00000000c3300000| Untracked 
|  52|0x00000000c3400000, 0x00000000c3400000, 0x00000000c3500000|  0%| F|  |TAMS 0x00000000c3400000, 0x00000000c3400000| Untracked 
|  53|0x00000000c3500000, 0x00000000c3500000, 0x00000000c3600000|  0%| F|  |TAMS 0x00000000c3500000, 0x00000000c3500000| Untracked 
|  54|0x00000000c3600000, 0x00000000c3600000, 0x00000000c3700000|  0%| F|  |TAMS 0x00000000c3600000, 0x00000000c3600000| Untracked 
|  55|0x00000000c3700000, 0x00000000c3700000, 0x00000000c3800000|  0%| F|  |TAMS 0x00000000c3700000, 0x00000000c3700000| Untracked 
|  56|0x00000000c3800000, 0x00000000c3800000, 0x00000000c3900000|  0%| F|  |TAMS 0x00000000c3800000, 0x00000000c3800000| Untracked 
|  57|0x00000000c3900000, 0x00000000c3900000, 0x00000000c3a00000|  0%| F|  |TAMS 0x00000000c3900000, 0x00000000c3900000| Untracked 
|  58|0x00000000c3a00000, 0x00000000c3a00000, 0x00000000c3b00000|  0%| F|  |TAMS 0x00000000c3a00000, 0x00000000c3a00000| Untracked 
|  59|0x00000000c3b00000, 0x00000000c3b00000, 0x00000000c3c00000|  0%| F|  |TAMS 0x00000000c3b00000, 0x00000000c3b00000| Untracked 
|  60|0x00000000c3c00000, 0x00000000c3c00000, 0x00000000c3d00000|  0%| F|  |TAMS 0x00000000c3c00000, 0x00000000c3c00000| Untracked 
|  61|0x00000000c3d00000, 0x00000000c3d00000, 0x00000000c3e00000|  0%| F|  |TAMS 0x00000000c3d00000, 0x00000000c3d00000| Untracked 
|  62|0x00000000c3e00000, 0x00000000c3e00000, 0x00000000c3f00000|  0%| F|  |TAMS 0x00000000c3e00000, 0x00000000c3e00000| Untracked 
|  63|0x00000000c3f00000, 0x00000000c3f00000, 0x00000000c4000000|  0%| F|  |TAMS 0x00000000c3f00000, 0x00000000c3f00000| Untracked 
|  64|0x00000000c4000000, 0x00000000c4000000, 0x00000000c4100000|  0%| F|  |TAMS 0x00000000c4000000, 0x00000000c4000000| Untracked 
|  65|0x00000000c4100000, 0x00000000c4100000, 0x00000000c4200000|  0%| F|  |TAMS 0x00000000c4100000, 0x00000000c4100000| Untracked 
|  66|0x00000000c4200000, 0x00000000c4200000, 0x00000000c4300000|  0%| F|  |TAMS 0x00000000c4200000, 0x00000000c4200000| Untracked 
|  67|0x00000000c4300000, 0x00000000c4300000, 0x00000000c4400000|  0%| F|  |TAMS 0x00000000c4300000, 0x00000000c4300000| Untracked 
|  68|0x00000000c4400000, 0x00000000c4400000, 0x00000000c4500000|  0%| F|  |TAMS 0x00000000c4400000, 0x00000000c4400000| Untracked 
|  69|0x00000000c4500000, 0x00000000c4500000, 0x00000000c4600000|  0%| F|  |TAMS 0x00000000c4500000, 0x00000000c4500000| Untracked 
|  81|0x00000000c5100000, 0x00000000c5100000, 0x00000000c5200000|  0%| F|  |TAMS 0x00000000c5100000, 0x00000000c5100000| Untracked 
|  82|0x00000000c5200000, 0x00000000c5200000, 0x00000000c5300000|  0%| F|  |TAMS 0x00000000c5200000, 0x00000000c5200000| Untracked 
|  83|0x00000000c5300000, 0x00000000c5300000, 0x00000000c5400000|  0%| F|  |TAMS 0x00000000c5300000, 0x00000000c5300000| Untracked 
|  84|0x00000000c5400000, 0x00000000c5400000, 0x00000000c5500000|  0%| F|  |TAMS 0x00000000c5400000, 0x00000000c5400000| Untracked 
|  85|0x00000000c5500000, 0x00000000c5500000, 0x00000000c5600000|  0%| F|  |TAMS 0x00000000c5500000, 0x00000000c5500000| Untracked 
| 126|0x00000000c7e00000, 0x00000000c7e00000, 0x00000000c7f00000|  0%| F|  |TAMS 0x00000000c7e00000, 0x00000000c7e00000| Untracked 
| 127|0x00000000c7f00000, 0x00000000c7f202e8, 0x00000000c8000000| 12%| E|  |TAMS 0x00000000c7f00000, 0x00000000c7f00000| Complete 

Card table byte_map: [0x0000022e923c0000,0x0000022e925c0000] _byte_map_base: 0x0000022e91dc0000

Marking Bits (Prev, Next): (CMBitMap*) 0x0000022e8c76a6c0, (CMBitMap*) 0x0000022e8c76a680
 Prev Bits: [0x0000022e937c0000, 0x0000022e947c0000)
 Next Bits: [0x0000022e927c0000, 0x0000022e937c0000)

Polling page: 0x0000022e8a710000

Metaspace:

Usage:
  Non-class:     42.70 MB used.
      Class:      6.14 MB used.
       Both:     48.84 MB used.

Virtual space:
  Non-class space:       64.00 MB reserved,      43.12 MB ( 67%) committed,  1 nodes.
      Class space:        1.00 GB reserved,       6.44 MB ( <1%) committed,  1 nodes.
             Both:        1.06 GB reserved,      49.56 MB (  5%) committed. 

Chunk freelists:
   Non-Class:  4.94 MB
       Class:  9.60 MB
        Both:  14.54 MB

MaxMetaspaceSize: unlimited
CompressedClassSpaceSize: 1.00 GB
Initial GC threshold: 21.00 MB
Current GC threshold: 82.50 MB
CDS: off
MetaspaceReclaimPolicy: balanced
 - commit_granule_bytes: 65536.
 - commit_granule_words: 8192.
 - virtual_space_node_default_size: 8388608.
 - enlarge_chunks_in_place: 1.
 - new_chunks_are_fully_committed: 0.
 - uncommit_free_chunks: 1.
 - use_allocation_guard: 0.
 - handle_deallocations: 1.


Internal statistics:

num_allocs_failed_limit: 8.
num_arena_births: 596.
num_arena_deaths: 212.
num_vsnodes_births: 2.
num_vsnodes_deaths: 0.
num_space_committed: 792.
num_space_uncommitted: 0.
num_chunks_returned_to_freelist: 264.
num_chunks_taken_from_freelist: 2122.
num_chunk_merges: 92.
num_chunk_splits: 1457.
num_chunks_enlarged: 1081.
num_inconsistent_stats: 0.

CodeCache: size=49152Kb used=8549Kb max_used=9374Kb free=40602Kb
 bounds [0x0000022e8f3c0000, 0x0000022e8fcf0000, 0x0000022e923c0000]
 total_blobs=5348 nmethods=4724 adapters=551
 compilation: enabled
              stopped_count=0, restarted_count=0
 full_count=0

Compilation events (20 events):
Event: 2776.955 Thread 0x0000022e9b00bc50 4713       1       java.lang.ProcessImpl$2::<init> (20 bytes)
Event: 2776.955 Thread 0x0000022e9b00bc50 nmethod 4713 0x0000022e8fb13890 code [0x0000022e8fb13a20, 0x0000022e8fb13b98]
Event: 2777.138 Thread 0x0000022e9b00bc50 4714   !   1       java.io.FilterOutputStream::close (183 bytes)
Event: 2777.173 Thread 0x0000022e9b00bc50 nmethod 4714 0x0000022e8fb12b10 code [0x0000022e8fb12d20, 0x0000022e8fb131f8]
Event: 2777.173 Thread 0x0000022e9b00bc50 4719       1       java.lang.ProcessImpl$$Lambda$923/0x0000000100657980::run (8 bytes)
Event: 2777.173 Thread 0x0000022e9b00bc50 nmethod 4719 0x0000022e8fb12810 code [0x0000022e8fb129a0, 0x0000022e8fb12a88]
Event: 2777.173 Thread 0x0000022e9b00bc50 4720       1       java.lang.ProcessImpl::lambda$new$0 (6 bytes)
Event: 2777.174 Thread 0x0000022e9b00bc50 nmethod 4720 0x0000022e8fb12510 code [0x0000022e8fb126a0, 0x0000022e8fb12768]
Event: 2777.174 Thread 0x0000022e9b00bc50 4715   !   1       java.io.FileOutputStream::close (69 bytes)
Event: 2777.175 Thread 0x0000022e9b00bc50 nmethod 4715 0x0000022e8fb11e90 code [0x0000022e8fb12060, 0x0000022e8fb123d8]
Event: 2777.175 Thread 0x0000022e9b00bc50 4716       1       java.io.FileOutputStream$1::<init> (10 bytes)
Event: 2777.175 Thread 0x0000022e9b00bc50 nmethod 4716 0x0000022e8fb11b90 code [0x0000022e8fb11d20, 0x0000022e8fb11e38]
Event: 2777.175 Thread 0x0000022e9b00bc50 4717       1       java.io.FileOutputStream$1::close (11 bytes)
Event: 2777.176 Thread 0x0000022e9b00bc50 nmethod 4717 0x0000022e8fb11510 code [0x0000022e8fb116c0, 0x0000022e8fb119d8]
Event: 4091.275 Thread 0x0000022e9b00bc50 4721       1       java.lang.ProcessImpl$2::run (242 bytes)
Event: 4091.280 Thread 0x0000022e9b00bc50 nmethod 4721 0x0000022e8fb0fa90 code [0x0000022e8fb0fd40, 0x0000022e8fb10ad8]
Event: 4091.280 Thread 0x0000022e9b00bc50 4722       1       java.io.BufferedOutputStream::<init> (9 bytes)
Event: 4091.281 Thread 0x0000022e9b00bc50 nmethod 4722 0x0000022e8fb0f510 code [0x0000022e8fb0f6a0, 0x0000022e8fb0f978]
Event: 4091.281 Thread 0x0000022e9b00bc50 4723       1       java.lang.ProcessImpl::waitFor (136 bytes)
Event: 4091.282 Thread 0x0000022e9b00bc50 nmethod 4723 0x0000022e8fb0ec90 code [0x0000022e8fb0eea0, 0x0000022e8fb0f2b8]

GC Heap History (20 events):
Event: 6498.124 GC heap after
{Heap after GC invocations=627 (full 616):
 garbage-first heap   total 78848K, used 27162K [0x00000000c0000000, 0x0000000100000000)
  region size 1024K, 0 young (0K), 0 survivors (0K)
 Metaspace       used 50015K, committed 50752K, reserved 1114112K
  class space    used 6287K, committed 6592K, reserved 1048576K
}
Event: 6508.366 GC heap before
{Heap before GC invocations=627 (full 616):
 garbage-first heap   total 78848K, used 27162K [0x00000000c0000000, 0x0000000100000000)
  region size 1024K, 1 young (1024K), 0 survivors (0K)
 Metaspace       used 50015K, committed 50752K, reserved 1114112K
  class space    used 6287K, committed 6592K, reserved 1048576K
}
Event: 6508.398 GC heap after
{Heap after GC invocations=628 (full 617):
 garbage-first heap   total 78848K, used 27162K [0x00000000c0000000, 0x0000000100000000)
  region size 1024K, 0 young (0K), 0 survivors (0K)
 Metaspace       used 50015K, committed 50752K, reserved 1114112K
  class space    used 6287K, committed 6592K, reserved 1048576K
}
Event: 6518.644 GC heap before
{Heap before GC invocations=628 (full 617):
 garbage-first heap   total 78848K, used 27162K [0x00000000c0000000, 0x0000000100000000)
  region size 1024K, 1 young (1024K), 0 survivors (0K)
 Metaspace       used 50015K, committed 50752K, reserved 1114112K
  class space    used 6287K, committed 6592K, reserved 1048576K
}
Event: 6518.675 GC heap after
{Heap after GC invocations=629 (full 618):
 garbage-first heap   total 78848K, used 27162K [0x00000000c0000000, 0x0000000100000000)
  region size 1024K, 0 young (0K), 0 survivors (0K)
 Metaspace       used 50015K, committed 50752K, reserved 1114112K
  class space    used 6287K, committed 6592K, reserved 1048576K
}
Event: 6528.986 GC heap before
{Heap before GC invocations=629 (full 618):
 garbage-first heap   total 78848K, used 27162K [0x00000000c0000000, 0x0000000100000000)
  region size 1024K, 1 young (1024K), 0 survivors (0K)
 Metaspace       used 50015K, committed 50752K, reserved 1114112K
  class space    used 6287K, committed 6592K, reserved 1048576K
}
Event: 6529.022 GC heap after
{Heap after GC invocations=630 (full 619):
 garbage-first heap   total 78848K, used 27162K [0x00000000c0000000, 0x0000000100000000)
  region size 1024K, 0 young (0K), 0 survivors (0K)
 Metaspace       used 50015K, committed 50752K, reserved 1114112K
  class space    used 6287K, committed 6592K, reserved 1048576K
}
Event: 6539.351 GC heap before
{Heap before GC invocations=630 (full 619):
 garbage-first heap   total 78848K, used 27162K [0x00000000c0000000, 0x0000000100000000)
  region size 1024K, 1 young (1024K), 0 survivors (0K)
 Metaspace       used 50015K, committed 50752K, reserved 1114112K
  class space    used 6287K, committed 6592K, reserved 1048576K
}
Event: 6539.399 GC heap after
{Heap after GC invocations=631 (full 620):
 garbage-first heap   total 78848K, used 27162K [0x00000000c0000000, 0x0000000100000000)
  region size 1024K, 0 young (0K), 0 survivors (0K)
 Metaspace       used 50015K, committed 50752K, reserved 1114112K
  class space    used 6287K, committed 6592K, reserved 1048576K
}
Event: 6550.241 GC heap before
{Heap before GC invocations=631 (full 620):
 garbage-first heap   total 78848K, used 27162K [0x00000000c0000000, 0x0000000100000000)
  region size 1024K, 1 young (1024K), 0 survivors (0K)
 Metaspace       used 50015K, committed 50752K, reserved 1114112K
  class space    used 6287K, committed 6592K, reserved 1048576K
}
Event: 6550.288 GC heap after
{Heap after GC invocations=632 (full 621):
 garbage-first heap   total 78848K, used 27162K [0x00000000c0000000, 0x0000000100000000)
  region size 1024K, 0 young (0K), 0 survivors (0K)
 Metaspace       used 50015K, committed 50752K, reserved 1114112K
  class space    used 6287K, committed 6592K, reserved 1048576K
}
Event: 6560.554 GC heap before
{Heap before GC invocations=632 (full 621):
 garbage-first heap   total 78848K, used 27162K [0x00000000c0000000, 0x0000000100000000)
  region size 1024K, 1 young (1024K), 0 survivors (0K)
 Metaspace       used 50015K, committed 50752K, reserved 1114112K
  class space    used 6287K, committed 6592K, reserved 1048576K
}
Event: 6560.595 GC heap after
{Heap after GC invocations=633 (full 622):
 garbage-first heap   total 78848K, used 27162K [0x00000000c0000000, 0x0000000100000000)
  region size 1024K, 0 young (0K), 0 survivors (0K)
 Metaspace       used 50015K, committed 50752K, reserved 1114112K
  class space    used 6287K, committed 6592K, reserved 1048576K
}
Event: 6570.821 GC heap before
{Heap before GC invocations=633 (full 622):
 garbage-first heap   total 78848K, used 27162K [0x00000000c0000000, 0x0000000100000000)
  region size 1024K, 1 young (1024K), 0 survivors (0K)
 Metaspace       used 50015K, committed 50752K, reserved 1114112K
  class space    used 6287K, committed 6592K, reserved 1048576K
}
Event: 6570.851 GC heap after
{Heap after GC invocations=634 (full 623):
 garbage-first heap   total 78848K, used 27162K [0x00000000c0000000, 0x0000000100000000)
  region size 1024K, 0 young (0K), 0 survivors (0K)
 Metaspace       used 50015K, committed 50752K, reserved 1114112K
  class space    used 6287K, committed 6592K, reserved 1048576K
}
Event: 6581.172 GC heap before
{Heap before GC invocations=634 (full 623):
 garbage-first heap   total 78848K, used 27162K [0x00000000c0000000, 0x0000000100000000)
  region size 1024K, 1 young (1024K), 0 survivors (0K)
 Metaspace       used 50015K, committed 50752K, reserved 1114112K
  class space    used 6287K, committed 6592K, reserved 1048576K
}
Event: 6581.225 GC heap after
{Heap after GC invocations=635 (full 624):
 garbage-first heap   total 78848K, used 27162K [0x00000000c0000000, 0x0000000100000000)
  region size 1024K, 0 young (0K), 0 survivors (0K)
 Metaspace       used 50015K, committed 50752K, reserved 1114112K
  class space    used 6287K, committed 6592K, reserved 1048576K
}
Event: 6591.591 GC heap before
{Heap before GC invocations=635 (full 624):
 garbage-first heap   total 78848K, used 27162K [0x00000000c0000000, 0x0000000100000000)
  region size 1024K, 1 young (1024K), 0 survivors (0K)
 Metaspace       used 50015K, committed 50752K, reserved 1114112K
  class space    used 6287K, committed 6592K, reserved 1048576K
}
Event: 6591.637 GC heap after
{Heap after GC invocations=636 (full 625):
 garbage-first heap   total 78848K, used 27162K [0x00000000c0000000, 0x0000000100000000)
  region size 1024K, 0 young (0K), 0 survivors (0K)
 Metaspace       used 50015K, committed 50752K, reserved 1114112K
  class space    used 6287K, committed 6592K, reserved 1048576K
}
Event: 6602.838 GC heap before
{Heap before GC invocations=636 (full 625):
 garbage-first heap   total 78848K, used 27162K [0x00000000c0000000, 0x0000000100000000)
  region size 1024K, 1 young (1024K), 0 survivors (0K)
 Metaspace       used 50015K, committed 50752K, reserved 1114112K
  class space    used 6287K, committed 6592K, reserved 1048576K
}

Dll operation events (10 events):
Event: 0.110 Loaded shared library c:\Users\user\.vscode\extensions\redhat.java-1.34.0-win32-x64\jre\17.0.12-win32-x86_64\bin\java.dll
Event: 1.126 Loaded shared library C:\Users\user\.vscode\extensions\redhat.java-1.34.0-win32-x64\jre\17.0.12-win32-x86_64\bin\net.dll
Event: 1.129 Loaded shared library C:\Users\user\.vscode\extensions\redhat.java-1.34.0-win32-x64\jre\17.0.12-win32-x86_64\bin\nio.dll
Event: 1.147 Loaded shared library C:\Users\user\.vscode\extensions\redhat.java-1.34.0-win32-x64\jre\17.0.12-win32-x86_64\bin\zip.dll
Event: 2.480 Loaded shared library C:\Users\user\.vscode\extensions\redhat.java-1.34.0-win32-x64\jre\17.0.12-win32-x86_64\bin\jimage.dll
Event: 6.256 Loaded shared library c:\Users\user\.vscode\extensions\redhat.java-1.34.0-win32-x64\jre\17.0.12-win32-x86_64\bin\verify.dll
Event: 36.127 Loaded shared library C:\Users\user\.vscode\extensions\redhat.java-1.34.0-win32-x64\jre\17.0.12-win32-x86_64\bin\management.dll
Event: 36.133 Loaded shared library C:\Users\user\.vscode\extensions\redhat.java-1.34.0-win32-x64\jre\17.0.12-win32-x86_64\bin\management_ext.dll
Event: 41.008 Loaded shared library C:\Users\user\.vscode\extensions\redhat.java-1.34.0-win32-x64\jre\17.0.12-win32-x86_64\bin\sunmscapi.dll
Event: 42.892 Loaded shared library C:\Users\user\.vscode\extensions\redhat.java-1.34.0-win32-x64\jre\17.0.12-win32-x86_64\bin\extnet.dll

Deoptimization events (8 events):
Event: 39.148 Thread 0x0000022e9c24c030 DEOPT PACKING pc=0x0000022e8f8fe881 sp=0x000000fb489fdbd0
Event: 39.148 Thread 0x0000022e9c24c030 DEOPT UNPACKING pc=0x0000022e8f417143 sp=0x000000fb489fd060 mode 3
Event: 39.260 Thread 0x0000022e9c817950 DEOPT PACKING pc=0x0000022e8f8e0f97 sp=0x000000fb48aff180
Event: 39.260 Thread 0x0000022e9c817950 DEOPT UNPACKING pc=0x0000022e8f417143 sp=0x000000fb48afe5d8 mode 3
Event: 41.741 Thread 0x0000022e9caea650 DEOPT PACKING pc=0x0000022e8f52218c sp=0x000000fb493faa50
Event: 41.741 Thread 0x0000022e9caea650 DEOPT UNPACKING pc=0x0000022e8f417143 sp=0x000000fb493f9f18 mode 0
Event: 444.740 Thread 0x0000022e9c24c030 DEOPT PACKING pc=0x0000022e8f9cd8d4 sp=0x000000fb489ff0d0
Event: 444.741 Thread 0x0000022e9c24c030 DEOPT UNPACKING pc=0x0000022e8f417143 sp=0x000000fb489fe578 mode 0

Classes loaded (20 events):
Event: 344.273 Loading class sun/nio/ch/SocketOptionRegistry
Event: 344.273 Loading class sun/nio/ch/SocketOptionRegistry done
Event: 344.273 Loading class sun/nio/ch/SocketOptionRegistry$RegistryKey
Event: 344.279 Loading class sun/nio/ch/SocketOptionRegistry$RegistryKey done
Event: 344.279 Loading class sun/nio/ch/SocketOptionRegistry$LazyInitialization
Event: 344.280 Loading class sun/nio/ch/SocketOptionRegistry$LazyInitialization done
Event: 344.280 Loading class sun/nio/ch/OptionKey
Event: 344.281 Loading class sun/nio/ch/OptionKey done
Event: 344.281 Loading class sun/nio/ch/ExtendedSocketOption
Event: 344.281 Loading class sun/nio/ch/ExtendedSocketOption done
Event: 344.281 Loading class sun/nio/ch/ExtendedSocketOption$1
Event: 344.281 Loading class sun/nio/ch/ExtendedSocketOption$1 done
Event: 344.282 Loading class sun/security/ssl/Alert
Event: 344.283 Loading class sun/security/ssl/Alert done
Event: 344.285 Loading class sun/security/ssl/Alert$AlertConsumer
Event: 344.286 Loading class sun/security/ssl/Alert$AlertConsumer done
Event: 344.286 Loading class sun/security/ssl/Alert$Level
Event: 344.287 Loading class sun/security/ssl/Alert$Level done
Event: 344.294 Loading class sun/net/ConnectionResetException
Event: 344.294 Loading class sun/net/ConnectionResetException done

Classes unloaded (20 events):
Event: 107.586 Thread 0x0000022e96c8ce80 Unloading class 0x000000010059b000 'jdk/internal/reflect/GeneratedConstructorAccessor24'
Event: 107.586 Thread 0x0000022e96c8ce80 Unloading class 0x000000010059a800 'jdk/internal/reflect/GeneratedConstructorAccessor22'
Event: 107.586 Thread 0x0000022e96c8ce80 Unloading class 0x000000010059a400 'jdk/internal/reflect/GeneratedConstructorAccessor21'
Event: 107.586 Thread 0x0000022e96c8ce80 Unloading class 0x000000010059a000 'jdk/internal/reflect/GeneratedConstructorAccessor20'
Event: 107.586 Thread 0x0000022e96c8ce80 Unloading class 0x0000000100561800 'java/lang/invoke/LambdaForm$MH+0x0000000100561800'
Event: 107.586 Thread 0x0000022e96c8ce80 Unloading class 0x0000000100561000 'java/lang/invoke/LambdaForm$MH+0x0000000100561000'
Event: 107.586 Thread 0x0000022e96c8ce80 Unloading class 0x0000000100560c00 'java/lang/invoke/LambdaForm$MH+0x0000000100560c00'
Event: 107.586 Thread 0x0000022e96c8ce80 Unloading class 0x0000000100560800 'java/lang/invoke/LambdaForm$MH+0x0000000100560800'
Event: 107.586 Thread 0x0000022e96c8ce80 Unloading class 0x0000000100560400 'java/lang/invoke/LambdaForm$MH+0x0000000100560400'
Event: 107.586 Thread 0x0000022e96c8ce80 Unloading class 0x0000000100560000 'java/lang/invoke/LambdaForm$MH+0x0000000100560000'
Event: 107.586 Thread 0x0000022e96c8ce80 Unloading class 0x00000001000ce800 'java/lang/invoke/LambdaForm$MH+0x00000001000ce800'
Event: 107.586 Thread 0x0000022e96c8ce80 Unloading class 0x00000001000ce400 'java/lang/invoke/LambdaForm$MH+0x00000001000ce400'
Event: 107.586 Thread 0x0000022e96c8ce80 Unloading class 0x00000001000ce000 'java/lang/invoke/LambdaForm$MH+0x00000001000ce000'
Event: 107.586 Thread 0x0000022e96c8ce80 Unloading class 0x00000001000cdc00 'java/lang/invoke/LambdaForm$MH+0x00000001000cdc00'
Event: 107.586 Thread 0x0000022e96c8ce80 Unloading class 0x00000001000cd800 'java/lang/invoke/LambdaForm$MH+0x00000001000cd800'
Event: 107.586 Thread 0x0000022e96c8ce80 Unloading class 0x00000001000cd400 'java/lang/invoke/LambdaForm$MH+0x00000001000cd400'
Event: 107.586 Thread 0x0000022e96c8ce80 Unloading class 0x00000001000ccc00 'java/lang/invoke/LambdaForm$MH+0x00000001000ccc00'
Event: 107.586 Thread 0x0000022e96c8ce80 Unloading class 0x00000001000cc800 'java/lang/invoke/LambdaForm$MH+0x00000001000cc800'
Event: 107.586 Thread 0x0000022e96c8ce80 Unloading class 0x00000001000cc000 'java/lang/invoke/LambdaForm$MH+0x00000001000cc000'
Event: 107.586 Thread 0x0000022e96c8ce80 Unloading class 0x00000001000cbc00 'java/lang/invoke/LambdaForm$MH+0x00000001000cbc00'

Classes redefined (0 events):
No events

Internal exceptions (20 events):
Event: 39.978 Thread 0x0000022e9c91c5c0 Exception <a 'sun/nio/fs/WindowsException'{0x00000000c4318848}> (0x00000000c4318848) 
thrown [s\src\hotspot\share\prims\jni.cpp, line 516]
Event: 39.978 Thread 0x0000022e9c91c5c0 Exception <a 'sun/nio/fs/WindowsException'{0x00000000c43191b8}> (0x00000000c43191b8) 
thrown [s\src\hotspot\share\prims\jni.cpp, line 516]
Event: 39.978 Thread 0x0000022e9c91c5c0 Exception <a 'sun/nio/fs/WindowsException'{0x00000000c4319b58}> (0x00000000c4319b58) 
thrown [s\src\hotspot\share\prims\jni.cpp, line 516]
Event: 39.979 Thread 0x0000022e9c91c5c0 Exception <a 'sun/nio/fs/WindowsException'{0x00000000c431a5e0}> (0x00000000c431a5e0) 
thrown [s\src\hotspot\share\prims\jni.cpp, line 516]
Event: 39.980 Thread 0x0000022e9c91c5c0 Exception <a 'sun/nio/fs/WindowsException'{0x00000000c431b0d8}> (0x00000000c431b0d8) 
thrown [s\src\hotspot\share\prims\jni.cpp, line 516]
Event: 39.981 Thread 0x0000022e9c91c5c0 Exception <a 'sun/nio/fs/WindowsException'{0x00000000c43221a8}> (0x00000000c43221a8) 
thrown [s\src\hotspot\share\prims\jni.cpp, line 516]
Event: 39.981 Thread 0x0000022e9c91c5c0 Exception <a 'sun/nio/fs/WindowsException'{0x00000000c4322b48}> (0x00000000c4322b48) 
thrown [s\src\hotspot\share\prims\jni.cpp, line 516]
Event: 39.981 Thread 0x0000022e9c91c5c0 Exception <a 'sun/nio/fs/WindowsException'{0x00000000c43234b8}> (0x00000000c43234b8) 
thrown [s\src\hotspot\share\prims\jni.cpp, line 516]
Event: 39.981 Thread 0x0000022e9c91c5c0 Exception <a 'sun/nio/fs/WindowsException'{0x00000000c4323e58}> (0x00000000c4323e58) 
thrown [s\src\hotspot\share\prims\jni.cpp, line 516]
Event: 40.006 Thread 0x0000022e9c91c5c0 Exception <a 'sun/nio/fs/WindowsException'{0x00000000c43248e0}> (0x00000000c43248e0) 
thrown [s\src\hotspot\share\prims\jni.cpp, line 516]
Event: 40.009 Thread 0x0000022e9c91c5c0 Exception <a 'sun/nio/fs/WindowsException'{0x00000000c43253d8}> (0x00000000c43253d8) 
thrown [s\src\hotspot\share\prims\jni.cpp, line 516]
Event: 40.169 Thread 0x0000022e9caea650 Exception <a 'java/lang/NoSuchMethodError'{0x00000000c43f2220}: 'void java.lang.invoke.DirectMethodHandle$Holder.invokeVirtual(java.lang.Object, java.lang.Object, java.lang.Object, java.lang.Object)'> (0x00000000c43f2220) 
thrown [s\src\hotspot\share\interpreter\linkResolver.cpp, line 759]
Event: 40.631 Thread 0x0000022e9caea650 Exception <a 'java/lang/NoSuchMethodError'{0x00000000c3d0e2b8}: 'java.lang.Object java.lang.invoke.DirectMethodHandle$Holder.invokeStatic(java.lang.Object, java.lang.Object, int, java.lang.Object)'> (0x00000000c3d0e2b8) 
thrown [s\src\hotspot\share\interpreter\linkResolver.cpp, line 759]
Event: 40.632 Thread 0x0000022e9caea650 Exception <a 'java/lang/NoSuchMethodError'{0x00000000c3d14698}: 'java.lang.Object java.lang.invoke.DirectMethodHandle$Holder.newInvokeSpecial(java.lang.Object, java.lang.Object, int)'> (0x00000000c3d14698) 
thrown [s\src\hotspot\share\interpreter\linkResolver.cpp, line 759]
Event: 41.451 Thread 0x0000022e9caea650 Exception <a 'sun/nio/fs/WindowsException'{0x00000000c35bfbf0}> (0x00000000c35bfbf0) 
thrown [s\src\hotspot\share\prims\jni.cpp, line 516]
Event: 86.191 Thread 0x0000022e9c1ebb50 Exception <a 'java/lang/NoSuchMethodError'{0x00000000c3988098}: 'void java.lang.invoke.DirectMethodHandle$Holder.invokeStatic(java.lang.Object, long)'> (0x00000000c3988098) 
thrown [s\src\hotspot\share\interpreter\linkResolver.cpp, line 759]
Event: 86.191 Thread 0x0000022e9c1ebb50 Exception <a 'java/lang/NoSuchMethodError'{0x00000000c398d440}: 'java.lang.Object java.lang.invoke.DirectMethodHandle$Holder.newInvokeSpecial(java.lang.Object, long)'> (0x00000000c398d440) 
thrown [s\src\hotspot\share\interpreter\linkResolver.cpp, line 759]
Event: 344.294 Thread 0x0000022e9cae8d00 Exception <a 'java/io/IOException'{0x00000000c7f29558}> (0x00000000c7f29558) 
thrown [s\src\hotspot\share\prims\jni.cpp, line 516]
Event: 344.887 Thread 0x0000022e9cae82e0 Exception <a 'java/io/IOException'{0x00000000c7f7c640}> (0x00000000c7f7c640) 
thrown [s\src\hotspot\share\prims\jni.cpp, line 516]
Event: 345.401 Thread 0x0000022e9caede00 Exception <a 'java/io/IOException'{0x00000000c7f86e10}> (0x00000000c7f86e10) 
thrown [s\src\hotspot\share\prims\jni.cpp, line 516]

VM Operations (20 events):
Event: 6498.124 Executing VM operation: G1CollectFull done
Event: 6508.366 Executing VM operation: G1CollectFull
Event: 6508.398 Executing VM operation: G1CollectFull done
Event: 6518.644 Executing VM operation: G1CollectFull
Event: 6518.675 Executing VM operation: G1CollectFull done
Event: 6528.986 Executing VM operation: G1CollectFull
Event: 6529.022 Executing VM operation: G1CollectFull done
Event: 6539.351 Executing VM operation: G1CollectFull
Event: 6539.399 Executing VM operation: G1CollectFull done
Event: 6550.241 Executing VM operation: G1CollectFull
Event: 6550.288 Executing VM operation: G1CollectFull done
Event: 6560.553 Executing VM operation: G1CollectFull
Event: 6560.595 Executing VM operation: G1CollectFull done
Event: 6570.821 Executing VM operation: G1CollectFull
Event: 6570.851 Executing VM operation: G1CollectFull done
Event: 6581.172 Executing VM operation: G1CollectFull
Event: 6581.225 Executing VM operation: G1CollectFull done
Event: 6591.590 Executing VM operation: G1CollectFull
Event: 6591.637 Executing VM operation: G1CollectFull done
Event: 6602.838 Executing VM operation: G1CollectFull

Events (20 events):
Event: 50.374 Thread 0x0000022e9ca80030 Thread exited: 0x0000022e9ca80030
Event: 50.374 Thread 0x0000022e9c4c88d0 Thread exited: 0x0000022e9c4c88d0
Event: 55.745 Thread 0x0000022e9caea650 Thread exited: 0x0000022e9caea650
Event: 99.669 Thread 0x0000022e9c91da00 Thread exited: 0x0000022e9c91da00
Event: 100.248 Thread 0x0000022e9caef240 Thread exited: 0x0000022e9caef240
Event: 100.774 Thread 0x0000022e9c91d4f0 Thread exited: 0x0000022e9c91d4f0
Event: 103.624 Thread 0x0000022e9cae9210 Thread exited: 0x0000022e9cae9210
Event: 105.103 Thread 0x0000022e9caef750 Thread exited: 0x0000022e9caef750
Event: 105.103 Thread 0x0000022e9cae9c30 Thread exited: 0x0000022e9cae9c30
Event: 105.370 Thread 0x0000022e9cae7dd0 Thread exited: 0x0000022e9cae7dd0
Event: 105.374 Thread 0x0000022e9cae9720 Thread exited: 0x0000022e9cae9720
Event: 116.019 Thread 0x0000022e9c91cad0 Thread exited: 0x0000022e9c91cad0
Event: 344.240 Thread 0x0000022e9cae87f0 Thread added: 0x0000022e9cae87f0
Event: 404.309 Thread 0x0000022e9cae8d00 Thread exited: 0x0000022e9cae8d00
Event: 404.894 Thread 0x0000022e9cae82e0 Thread exited: 0x0000022e9cae82e0
Event: 404.894 Thread 0x0000022e9caeab60 Thread exited: 0x0000022e9caeab60
Event: 405.413 Thread 0x0000022e9caede00 Thread exited: 0x0000022e9caede00
Event: 405.413 Thread 0x0000022e9cae87f0 Thread exited: 0x0000022e9cae87f0
Event: 444.752 Thread 0x0000022e9c91d4f0 Thread added: 0x0000022e9c91d4f0
Event: 504.822 Thread 0x0000022e9c91d4f0 Thread exited: 0x0000022e9c91d4f0


Dynamic libraries:
0x00007ff69bcd0000 - 0x00007ff69bcde000 	c:\Users\user\.vscode\extensions\redhat.java-1.34.0-win32-x64\jre\17.0.12-win32-x86_64\bin\java.exe
0x00007fffab0b0000 - 0x00007fffab2a8000 	C:\Windows\SYSTEM32\ntdll.dll
0x00007fffa9940000 - 0x00007fffa99ff000 	C:\Windows\System32\KERNEL32.DLL
0x00007fffa8d70000 - 0x00007fffa9066000 	C:\Windows\System32\KERNELBASE.dll
0x00007fffa4910000 - 0x00007fffa49a1000 	C:\Windows\SYSTEM32\apphelp.dll
0x00007fffa8b50000 - 0x00007fffa8c50000 	C:\Windows\System32\ucrtbase.dll
0x00007fff904b0000 - 0x00007fff904c7000 	c:\Users\user\.vscode\extensions\redhat.java-1.34.0-win32-x64\jre\17.0.12-win32-x86_64\bin\jli.dll
0x00007fffaad30000 - 0x00007fffaaecd000 	C:\Windows\System32\USER32.dll
0x00007fffa90e0000 - 0x00007fffa9102000 	C:\Windows\System32\win32u.dll
0x00007fffa98f0000 - 0x00007fffa991c000 	C:\Windows\System32\GDI32.dll
0x00007fffa8c50000 - 0x00007fffa8d65000 	C:\Windows\System32\gdi32full.dll
0x00007fffa8790000 - 0x00007fffa882d000 	C:\Windows\System32\msvcp_win.dll
0x00007fff90380000 - 0x00007fff9039b000 	c:\Users\user\.vscode\extensions\redhat.java-1.34.0-win32-x64\jre\17.0.12-win32-x86_64\bin\VCRUNTIME140.dll
0x00007fffa7b80000 - 0x00007fffa7e1a000 	C:\Windows\WinSxS\amd64_microsoft.windows.common-controls_6595b64144ccf1df_6.0.19041.1110_none_60b5254171f9507e\COMCTL32.dll
0x00007fffa91c0000 - 0x00007fffa925e000 	C:\Windows\System32\msvcrt.dll
0x00007fffa9260000 - 0x00007fffa9290000 	C:\Windows\System32\IMM32.DLL
0x00007fffa22e0000 - 0x00007fffa22ec000 	c:\Users\user\.vscode\extensions\redhat.java-1.34.0-win32-x64\jre\17.0.12-win32-x86_64\bin\vcruntime140_1.dll
0x00007fff57bd0000 - 0x00007fff57c5d000 	c:\Users\user\.vscode\extensions\redhat.java-1.34.0-win32-x64\jre\17.0.12-win32-x86_64\bin\msvcp140.dll
0x00007fff396e0000 - 0x00007fff3a34a000 	c:\Users\user\.vscode\extensions\redhat.java-1.34.0-win32-x64\jre\17.0.12-win32-x86_64\bin\server\jvm.dll
0x00007fffa9110000 - 0x00007fffa91bf000 	C:\Windows\System32\ADVAPI32.dll
0x00007fffa9650000 - 0x00007fffa96ec000 	C:\Windows\System32\sechost.dll
0x00007fffaa380000 - 0x00007fffaa4a6000 	C:\Windows\System32\RPCRT4.dll
0x00007fffaa020000 - 0x00007fffaa08b000 	C:\Windows\System32\WS2_32.dll
0x00007fffa83b0000 - 0x00007fffa83fb000 	C:\Windows\SYSTEM32\POWRPROF.dll
0x00007fff85540000 - 0x00007fff85567000 	C:\Windows\SYSTEM32\WINMM.dll
0x00007fff95ec0000 - 0x00007fff95eca000 	C:\Windows\SYSTEM32\VERSION.dll
0x00007fffa7f10000 - 0x00007fffa7f22000 	C:\Windows\SYSTEM32\UMPDC.dll
0x00007fffa6280000 - 0x00007fffa6292000 	C:\Windows\SYSTEM32\kernel.appcore.dll
0x00007fff95850000 - 0x00007fff9585a000 	c:\Users\user\.vscode\extensions\redhat.java-1.34.0-win32-x64\jre\17.0.12-win32-x86_64\bin\jimage.dll
0x00007fffa8140000 - 0x00007fffa8324000 	C:\Windows\SYSTEM32\DBGHELP.DLL
0x00007fffa8100000 - 0x00007fffa8134000 	C:\Windows\SYSTEM32\dbgcore.DLL
0x00007fffa8830000 - 0x00007fffa88b2000 	C:\Windows\System32\bcryptPrimitives.dll
0x00007fff8a7d0000 - 0x00007fff8a7f5000 	c:\Users\user\.vscode\extensions\redhat.java-1.34.0-win32-x64\jre\17.0.12-win32-x86_64\bin\java.dll
0x00007fff8d200000 - 0x00007fff8d218000 	c:\Users\user\.vscode\extensions\redhat.java-1.34.0-win32-x64\jre\17.0.12-win32-x86_64\bin\zip.dll
0x00007fffaa510000 - 0x00007fffaac54000 	C:\Windows\System32\SHELL32.dll
0x00007fffa5ae0000 - 0x00007fffa6273000 	C:\Windows\SYSTEM32\windows.storage.dll
0x00007fffa9290000 - 0x00007fffa95e4000 	C:\Windows\System32\combase.dll
0x00007fffa7ae0000 - 0x00007fffa7b0e000 	C:\Windows\SYSTEM32\Wldp.dll
0x00007fffaa2d0000 - 0x00007fffaa37d000 	C:\Windows\System32\SHCORE.dll
0x00007fffa95f0000 - 0x00007fffa9645000 	C:\Windows\System32\shlwapi.dll
0x00007fffa86d0000 - 0x00007fffa86ef000 	C:\Windows\SYSTEM32\profapi.dll
0x00007fff868d0000 - 0x00007fff868e9000 	C:\Users\user\.vscode\extensions\redhat.java-1.34.0-win32-x64\jre\17.0.12-win32-x86_64\bin\net.dll
0x00007fff96430000 - 0x00007fff9653a000 	C:\Windows\SYSTEM32\WINHTTP.dll
0x00007fffa79b0000 - 0x00007fffa7a1a000 	C:\Windows\system32\mswsock.dll
0x00007fff84430000 - 0x00007fff84446000 	C:\Users\user\.vscode\extensions\redhat.java-1.34.0-win32-x64\jre\17.0.12-win32-x86_64\bin\nio.dll
0x00007fff90580000 - 0x00007fff90590000 	c:\Users\user\.vscode\extensions\redhat.java-1.34.0-win32-x64\jre\17.0.12-win32-x86_64\bin\verify.dll
0x00007fffa8520000 - 0x00007fffa8538000 	C:\Windows\SYSTEM32\CRYPTSP.dll
0x00007fffa7190000 - 0x00007fffa71c4000 	C:\Windows\system32\rsaenh.dll
0x00007fffa8970000 - 0x00007fffa8997000 	C:\Windows\System32\bcrypt.dll
0x00007fffa8690000 - 0x00007fffa86be000 	C:\Windows\SYSTEM32\USERENV.dll
0x00007fffa7aa0000 - 0x00007fffa7aac000 	C:\Windows\SYSTEM32\CRYPTBASE.dll
0x00007fffa7530000 - 0x00007fffa756c000 	C:\Windows\SYSTEM32\IPHLPAPI.DLL
0x00007fffaa2c0000 - 0x00007fffaa2c8000 	C:\Windows\System32\NSI.dll
0x00007fff9aa00000 - 0x00007fff9aa17000 	C:\Windows\SYSTEM32\dhcpcsvc6.DLL
0x00007fff99260000 - 0x00007fff9927d000 	C:\Windows\SYSTEM32\dhcpcsvc.DLL
0x00007fffa7570000 - 0x00007fffa763a000 	C:\Windows\SYSTEM32\DNSAPI.dll
0x00007fffa2300000 - 0x00007fffa2309000 	C:\Users\user\.vscode\extensions\redhat.java-1.34.0-win32-x64\jre\17.0.12-win32-x86_64\bin\management.dll
0x00007fff8dbf0000 - 0x00007fff8dbfb000 	C:\Users\user\.vscode\extensions\redhat.java-1.34.0-win32-x64\jre\17.0.12-win32-x86_64\bin\management_ext.dll
0x00007fffa9880000 - 0x00007fffa9888000 	C:\Windows\System32\PSAPI.DLL
0x00007fffa2340000 - 0x00007fffa234e000 	C:\Users\user\.vscode\extensions\redhat.java-1.34.0-win32-x64\jre\17.0.12-win32-x86_64\bin\sunmscapi.dll
0x00007fffa89f0000 - 0x00007fffa8b4e000 	C:\Windows\System32\CRYPT32.dll
0x00007fffa7b50000 - 0x00007fffa7b78000 	C:\Windows\SYSTEM32\ncrypt.dll
0x00007fffa7b10000 - 0x00007fffa7b4b000 	C:\Windows\SYSTEM32\NTASN1.dll
0x00007fff9eda0000 - 0x00007fff9edaa000 	C:\Windows\System32\rasadhlp.dll
0x00007fff92810000 - 0x00007fff92892000 	C:\Windows\System32\fwpuclnt.dll
0x00007fff84420000 - 0x00007fff84429000 	C:\Users\user\.vscode\extensions\redhat.java-1.34.0-win32-x64\jre\17.0.12-win32-x86_64\bin\extnet.dll

dbghelp: loaded successfully - version: 4.0.5 - missing functions: none
symbol engine: initialized successfully - sym options: 0x614 - pdb path: .;c:\Users\user\.vscode\extensions\redhat.java-1.34.0-win32-x64\jre\17.0.12-win32-x86_64\bin;C:\Windows\SYSTEM32;C:\Windows\WinSxS\amd64_microsoft.windows.common-controls_6595b64144ccf1df_6.0.19041.1110_none_60b5254171f9507e;c:\Users\user\.vscode\extensions\redhat.java-1.34.0-win32-x64\jre\17.0.12-win32-x86_64\bin\server

VM Arguments:
jvm_args: -Xmx1024m -Dsts.lsp.client=vscode -Dsts.log.file=/dev/null -XX:TieredStopAtLevel=1 -Xlog:jni+resolve=off -Dspring.config.location=file:c:\Users\user\.vscode\extensions\vmware.vscode-spring-boot-1.56.0\language-server\BOOT-INF\classes\application.properties 
java_command: org.springframework.ide.vscode.boot.app.BootLanguageServerBootApp
java_class_path (initial): c:\Users\user\.vscode\extensions\vmware.vscode-spring-boot-1.56.0\language-server\BOOT-INF\classes;c:\Users\user\.vscode\extensions\vmware.vscode-spring-boot-1.56.0\language-server\BOOT-INF\lib\annotations-24.1.0.jar;c:\Users\user\.vscode\extensions\vmware.vscode-spring-boot-1.56.0\language-server\BOOT-INF\lib\antlr4-runtime-4.13.1.jar;c:\Users\user\.vscode\extensions\vmware.vscode-spring-boot-1.56.0\language-server\BOOT-INF\lib\asm-9.7.jar;c:\Users\user\.vscode\extensions\vmware.vscode-spring-boot-1.56.0\language-server\BOOT-INF\lib\asm-analysis-9.7.jar;c:\Users\user\.vscode\extensions\vmware.vscode-spring-boot-1.56.0\language-server\BOOT-INF\lib\asm-tree-9.7.jar;c:\Users\user\.vscode\extensions\vmware.vscode-spring-boot-1.56.0\language-server\BOOT-INF\lib\asm-util-9.7.jar;c:\Users\user\.vscode\extensions\vmware.vscode-spring-boot-1.56.0\language-server\BOOT-INF\lib\caffeine-3.1.8.jar;c:\Users\user\.vscode\extensions\vmware.vscode-spring-boot-1.56.0\language-server\BOOT-INF\lib\checker-qual-3.12.0.jar;c:\Users\user\.vscode\extensions\vmware.vscode-spring-boot-1.56.0\language-server\BOOT-INF\lib\classgraph-4.8.149.jar;c:\Users\user\.vscode\extensions\vmware.vscode-spring-boot-1.56.0\language-server\BOOT-INF\lib\commons-codec-1.16.1.jar;c:\Users\user\.vscode\extensions\vmware.vscode-spring-boot-1.56.0\language-server\BOOT-INF\lib\commons-compress-1.26.2.jar;c:\Users\user\.vscode\extensions\vmware.vscode-spring-boot-1.56.0\language-server\BOOT-INF\lib\commons-io-2.16.1.jar;c:\Users\user\.vscode\extensions\vmware.vscode-spring-boot-1.56.0\language-server\BOOT-INF\lib\commons-java-1.56.0-SNAPSHOT.jar;c:\Users\user\.vscode\extensions\vmware.vscode-spring-boot-1.56.0\language-server\BOOT-INF\lib\commons-lang3-3.14.0.jar;c:\Users\user\.vscode\extensions\vmware.vscode-spring-boot-1.56.0\language-server\BOOT-INF\lib\commons-language-server-1.56.0-SNAPSHOT.jar;c:\Users\user\.vscode\extensions\vmware.vscode-spring-boot-1.56.0\language-server\BOOT-I
Launcher Type: SUN_STANDARD

[Global flags]
     intx CICompilerCount                          = 3                                         {product} {ergonomic}
     uint ConcGCThreads                            = 1                                         {product} {ergonomic}
     uint G1ConcRefinementThreads                  = 4                                         {product} {ergonomic}
   size_t G1HeapRegionSize                         = 1048576                                   {product} {ergonomic}
    uintx GCDrainStackTargetSize                   = 64                                        {product} {ergonomic}
   size_t InitialHeapSize                          = 134217728                                 {product} {ergonomic}
   size_t MarkStackSize                            = 4194304                                   {product} {ergonomic}
   size_t MaxHeapSize                              = 1073741824                                {product} {command line}
   size_t MaxNewSize                               = 643825664                                 {product} {ergonomic}
   size_t MinHeapDeltaBytes                        = 1048576                                   {product} {ergonomic}
   size_t MinHeapSize                              = 8388608                                   {product} {ergonomic}
    uintx NonProfiledCodeHeapSize                  = 0                                      {pd product} {ergonomic}
     bool ProfileInterpreter                       = false                                  {pd product} {command line}
    uintx ProfiledCodeHeapSize                     = 0                                      {pd product} {ergonomic}
   size_t SoftMaxHeapSize                          = 1073741824                             {manageable} {ergonomic}
     intx TieredStopAtLevel                        = 1                                         {product} {command line}
     bool UseCompressedClassPointers               = true                           {product lp64_product} {ergonomic}
     bool UseCompressedOops                        = true                           {product lp64_product} {ergonomic}
     bool UseG1GC                                  = true                                      {product} {ergonomic}
     bool UseLargePagesIndividualAllocation        = false                                  {pd product} {ergonomic}

Logging:
Log output configuration:
 #0: stdout all=warning,jni+resolve=off uptime,level,tags
 #1: stderr all=off uptime,level,tags

Environment Variables:
JAVA_HOME=C:\Program Files\Java\jdk-17
PATH=C:\Program Files\Common Files\Oracle\Java\javapath;C:\Program Files (x86)\Common Files\Oracle\Java\javapath;C:\Windows\system32;C:\Windows;C:\Windows\System32\Wbem;C:\Windows\System32\WindowsPowerShell\v1.0\;C:\Windows\System32\OpenSSH\;C:\Program Files\PuTTY\;C:\Users\user\Documents\MATLAB\bin;C:\Program Files\Git\cmd;C:\Program Files\Docker\Docker\resources\bin;C:\ProgramData\chocolatey\bin;C:\Users\user\Documents\gradle\gradle-8.7-all\gradle-8.7\bin;N:\nvm;C:\Program Files\nodejs;C:\Users\user\AppData\Local\Android\Sdk\platform-tools;C:\Users\user\AppData\Local\Android\Sdk\tools;C:\Users\user\AppData\Local\Android\Sdk\platform-tools;C:\Program Files\Java\jdk-17\bin;C:\Users\user\AppData\Local\Android\Sdk\tools\bin;C:\Users\user\AppData\Local\Android\Sdk\build-tools;C:\Users\user\AppData\Local\Programs\Python\Python310\Scripts\;C:\Users\user\AppData\Local\Programs\Python\Python310\;C:\Program Files\MySQL\MySQL Shell 8.0\bin\;C:\Users\user\AppData\Local\Microsoft\WindowsApps;C:\Users\user\AppData\Local\Programs\Microsoft VS Code\bin;C:\Users\user\AppData\Local\JetBrains\IntelliJ IDEA 2023.3.2\bin;;C:\Program Files\JetBrains\IntelliJ IDEA Community Edition 2023.3.2\bin;;C:\Users\user\AppData\Roaming\npm;N:\nvm;C:\Program Files\nodejs
USERNAME=user
OS=Windows_NT
PROCESSOR_IDENTIFIER=Intel64 Family 6 Model 142 Stepping 9, GenuineIntel
TMP=C:\Users\user\AppData\Local\Temp
TEMP=C:\Users\user\AppData\Local\Temp



Periodic native trim disabled


---------------  S Y S T E M  ---------------

OS:
 Windows 10 , 64 bit Build 19041 (10.0.19041.3031)
OS uptime: 1 days 23:26 hours
Hyper-V role detected

CPU: total 4 (initial active 4) (2 cores per cpu, 2 threads per core) family 6 model 142 stepping 9 microcode 0xb4, cx8, cmov, fxsr, ht, mmx, 3dnowpref, sse, sse2, sse3, ssse3, sse4.1, sse4.2, popcnt, lzcnt, tsc, tscinvbit, avx, avx2, aes, erms, clmul, bmi1, bmi2, adx, fma, vzeroupper, clflush, clflushopt, hv
Processor Information for all 4 processors :
  Max Mhz: 2400, Current Mhz: 2400, Mhz Limit: 2400

Memory: 4k page, system-wide physical 8103M (380M free)
TotalPageFile size 20272M (AvailPageFile size 8M)
current process WorkingSet (physical memory assigned to process): 48M, peak: 191M
current process commit charge ("private bytes"): 221M, peak: 227M

vm_info: OpenJDK 64-Bit Server VM (17.0.12+7) for windows-amd64 JRE (17.0.12+7), built on Jul 16 2024 22:08:24 by "admin" with MS VC++ 16.10 / 16.11 (VS2019)

END.
