#
# There is insufficient memory for the Java Runtime Environment to continue.
# Native memory allocation (malloc) failed to allocate 1048576 bytes. Error detail: AllocateHeap
# Possible reasons:
#   The system is out of physical RAM or swap space
#   This process is running with CompressedOops enabled, and the Java Heap may be blocking the growth of the native heap
# Possible solutions:
#   Reduce memory load on the system
#   Increase physical memory or swap space
#   Check if swap backing store is full
#   Decrease Java heap size (-Xmx/-Xms)
#   Decrease number of Java threads
#   Decrease Java thread stack sizes (-Xss)
#   Set larger code cache with -XX:ReservedCodeCacheSize=
#   JVM is running with Unscaled Compressed Oops mode in which the Java heap is
#     placed in the first 4GB address space. The Java Heap base address is the
#     maximum limit for the native heap growth. Please use -XX:HeapBaseMinAddress
#     to set the Java Heap base and to place the Java Heap above 4GB virtual address.
# This output file may be truncated or incomplete.
#
#  Out of Memory Error (allocation.cpp:44), pid=21796, tid=1304
#
# JRE version: OpenJDK Runtime Environment Temurin-17.0.12+7 (17.0.12+7) (build 17.0.12+7)
# Java VM: OpenJDK 64-Bit Server VM Temurin-17.0.12+7 (17.0.12+7, mixed mode, emulated-client, tiered, compressed oops, compressed class ptrs, g1 gc, windows-amd64)
# No core dump will be written. Minidumps are not enabled by default on client versions of Windows
#

---------------  S U M M A R Y ------------

Command Line: -Xmx1024m -Dsts.lsp.client=vscode -Dsts.log.file=/dev/null -XX:TieredStopAtLevel=1 -Xlog:jni+resolve=off -Dspring.config.location=file:c:\Users\user\.vscode\extensions\vmware.vscode-spring-boot-1.56.0\language-server\BOOT-INF\classes\application.properties org.springframework.ide.vscode.boot.app.BootLanguageServerBootApp

Host: Intel(R) Core(TM) i3-7100U CPU @ 2.40GHz, 4 cores, 7G,  Windows 10 , 64 bit Build 19041 (10.0.19041.3031)
Time: Thu Sep 12 10:35:39 2024 Mountain Daylight Time elapsed time: 133480.369580 seconds (1d 13h 4m 40s)

---------------  T H R E A D  ---------------

Current thread (0x000002e8dadbab90):  VMThread "VM Thread" [stack: 0x000000f2f3000000,0x000000f2f3100000] [id=1304]

Stack: [0x000000f2f3000000,0x000000f2f3100000]
Native frames: (J=compiled Java code, j=interpreted, Vv=VM code, C=native code)
V  [jvm.dll+0x67f929]
V  [jvm.dll+0x8371ba]
V  [jvm.dll+0x838c7e]
V  [jvm.dll+0x8392e3]
V  [jvm.dll+0x24834f]
V  [jvm.dll+0xa70d3]
V  [jvm.dll+0x2f9073]
V  [jvm.dll+0x2f4d00]
V  [jvm.dll+0x2dd82f]
V  [jvm.dll+0x3201f7]
V  [jvm.dll+0x83d7dd]
V  [jvm.dll+0x83e522]
V  [jvm.dll+0x83ea4f]
V  [jvm.dll+0x83ee34]
V  [jvm.dll+0x83ef00]
V  [jvm.dll+0x7e65dc]
V  [jvm.dll+0x67e7f7]
C  [ucrtbase.dll+0x21bb2]
C  [KERNEL32.DLL+0x17614]
C  [ntdll.dll+0x526f1]

VM_Operation (0x000000f2f41fea70): G1CollectFull, mode: safepoint, requested by thread 0x000002e8e008c4a0


---------------  P R O C E S S  ---------------

Threads class SMR info:
_java_thread_list=0x000002e8df96ff60, length=23, elements={
0x000002e8dadc82a0, 0x000002e8dadc91a0, 0x000002e8df0094a0, 0x000002e8df009e60,
0x000002e8df00a820, 0x000002e8df00b1e0, 0x000002e8df00bba0, 0x000002e8df00cd40,
0x000002e8df1f3c80, 0x000002e8df1fa420, 0x000002e8e05f3260, 0x000002e8e008c4a0,
0x000002e8e08b5040, 0x000002e8ce6ee530, 0x000002e8df8ad5a0, 0x000002e8e08cd020,
0x000002e8e099e4c0, 0x000002e8e099eee0, 0x000002e8e099fe10, 0x000002e8e09a0320,
0x000002e8e099f3f0, 0x000002e8e099f900, 0x000002e8e099d590
}

Java Threads: ( => current thread )
  0x000002e8dadc82a0 JavaThread "Reference Handler" daemon [_thread_blocked, id=18444, stack(0x000000f2f3100000,0x000000f2f3200000)]
  0x000002e8dadc91a0 JavaThread "Finalizer" daemon [_thread_blocked, id=15080, stack(0x000000f2f3200000,0x000000f2f3300000)]
  0x000002e8df0094a0 JavaThread "Signal Dispatcher" daemon [_thread_blocked, id=5152, stack(0x000000f2f3300000,0x000000f2f3400000)]
  0x000002e8df009e60 JavaThread "Attach Listener" daemon [_thread_blocked, id=1896, stack(0x000000f2f3400000,0x000000f2f3500000)]
  0x000002e8df00a820 JavaThread "Service Thread" daemon [_thread_blocked, id=2284, stack(0x000000f2f3500000,0x000000f2f3600000)]
  0x000002e8df00b1e0 JavaThread "Monitor Deflation Thread" daemon [_thread_blocked, id=18536, stack(0x000000f2f3600000,0x000000f2f3700000)]
  0x000002e8df00bba0 JavaThread "C1 CompilerThread0" daemon [_thread_blocked, id=17172, stack(0x000000f2f3700000,0x000000f2f3800000)]
  0x000002e8df00cd40 JavaThread "Sweeper thread" daemon [_thread_blocked, id=9296, stack(0x000000f2f3800000,0x000000f2f3900000)]
  0x000002e8df1f3c80 JavaThread "Notification Thread" daemon [_thread_blocked, id=14156, stack(0x000000f2f3900000,0x000000f2f3a00000)]
  0x000002e8df1fa420 JavaThread "Common-Cleaner" daemon [_thread_blocked, id=19836, stack(0x000000f2f3b00000,0x000000f2f3c00000)]
  0x000002e8e05f3260 JavaThread "boundedElastic-evictor-1" daemon [_thread_blocked, id=20668, stack(0x000000f2f4000000,0x000000f2f4100000)]
  0x000002e8e008c4a0 JavaThread "pool-13-thread-1" [_thread_blocked, id=21344, stack(0x000000f2f4100000,0x000000f2f4200000)]
  0x000002e8e08b5040 JavaThread "LanguageServerApp-lifecycle" [_thread_blocked, id=19944, stack(0x000000f2f4200000,0x000000f2f4300000)]
  0x000002e8ce6ee530 JavaThread "DestroyJavaVM" [_thread_blocked, id=12860, stack(0x000000f2f2a00000,0x000000f2f2b00000)]
  0x000002e8df8ad5a0 JavaThread "pool-14-thread-1" [_thread_in_native, id=16940, stack(0x000000f2f4300000,0x000000f2f4400000)]
  0x000002e8e08cd020 JavaThread "Simple-Language-Server main thread" daemon [_thread_blocked, id=10880, stack(0x000000f2f4400000,0x000000f2f4500000)]
  0x000002e8e099e4c0 JavaThread "pool-8-thread-1" [_thread_blocked, id=21468, stack(0x000000f2f4500000,0x000000f2f4600000)]
  0x000002e8e099eee0 JavaThread "parallel-1" daemon [_thread_blocked, id=18644, stack(0x000000f2f4600000,0x000000f2f4700000)]
  0x000002e8e099fe10 JavaThread "parallel-2" daemon [_thread_blocked, id=11820, stack(0x000000f2f4700000,0x000000f2f4800000)]
  0x000002e8e09a0320 JavaThread "parallel-3" daemon [_thread_blocked, id=13252, stack(0x000000f2f4800000,0x000000f2f4900000)]
  0x000002e8e099f3f0 JavaThread "pool-6-thread-1" [_thread_blocked, id=3940, stack(0x000000f2f4900000,0x000000f2f4a00000)]
  0x000002e8e099f900 JavaThread "parallel-4" daemon [_thread_blocked, id=15920, stack(0x000000f2f4a00000,0x000000f2f4b00000)]
  0x000002e8e099d590 JavaThread "Reconciler-1" daemon [_thread_blocked, id=10876, stack(0x000000f2f4e00000,0x000000f2f4f00000)]

Other Threads:
=>0x000002e8dadbab90 VMThread "VM Thread" [stack: 0x000000f2f3000000,0x000000f2f3100000] [id=1304]
  0x000002e8df1f4160 WatcherThread [stack: 0x000000f2f3a00000,0x000000f2f3b00000] [id=22004]
  0x000002e8ce8cc3c0 GCTaskThread "GC Thread#0" [stack: 0x000000f2f2b00000,0x000000f2f2c00000] [id=15016]
  0x000002e8df2a1280 GCTaskThread "GC Thread#1" [stack: 0x000000f2f3c00000,0x000000f2f3d00000] [id=22048]
  0x000002e8df2a1540 GCTaskThread "GC Thread#2" [stack: 0x000000f2f3d00000,0x000000f2f3e00000] [id=19096]
  0x000002e8df4e8e80 GCTaskThread "GC Thread#3" [stack: 0x000000f2f3f00000,0x000000f2f4000000] [id=10832]
  0x000002e8ce8d5310 ConcurrentGCThread "G1 Main Marker" [stack: 0x000000f2f2c00000,0x000000f2f2d00000] [id=15552]
  0x000002e8ce8d64d0 ConcurrentGCThread "G1 Conc#0" [stack: 0x000000f2f2d00000,0x000000f2f2e00000] [id=16272]
  0x000002e8ce93e160 ConcurrentGCThread "G1 Refine#0" [stack: 0x000000f2f2e00000,0x000000f2f2f00000] [id=22128]
  0x000002e8df9c19d0 ConcurrentGCThread "G1 Refine#1" [stack: 0x000000f2f4b00000,0x000000f2f4c00000] [id=7548]
  0x000002e8ce93ea90 ConcurrentGCThread "G1 Service" [stack: 0x000000f2f2f00000,0x000000f2f3000000] [id=6024]

Threads with active compile tasks:

VM state: at safepoint (normal execution)

VM Mutex/Monitor currently owned by a thread:  ([mutex/lock_event])
[0x000002e8ce636090] Threads_lock - owner thread: 0x000002e8dadbab90
[0x000002e8ce6eb7a0] Heap_lock - owner thread: 0x000002e8e008c4a0

Heap address: 0x00000000c0000000, size: 1024 MB, Compressed Oops mode: 32-bit

CDS archive(s) not mapped
Compressed class space mapped at: 0x0000000100000000-0x0000000140000000, reserved size: 1073741824
Narrow klass base: 0x0000000000000000, Narrow klass shift: 3, Narrow klass range: 0x140000000

GC Precious Log:
 CPUs: 4 total, 4 available
 Memory: 8103M
 Large Page Support: Disabled
 NUMA Support: Disabled
 Compressed Oops: Enabled (32-bit)
 Heap Region Size: 1M
 Heap Min Capacity: 8M
 Heap Initial Capacity: 128M
 Heap Max Capacity: 1G
 Pre-touch: Disabled
 Parallel Workers: 4
 Concurrent Workers: 1
 Concurrent Refinement Workers: 4
 Periodic GC: Disabled

Heap:
 garbage-first heap   total 75776K, used 25248K [0x00000000c0000000, 0x0000000100000000)
  region size 1024K, 1 young (1024K), 0 survivors (0K)
 Metaspace       used 41023K, committed 41472K, reserved 1114112K
  class space    used 5252K, committed 5440K, reserved 1048576K

Heap Regions: E=young(eden), S=young(survivor), O=old, HS=humongous(starts), HC=humongous(continues), CS=collection set, F=free, OA=open archive, CA=closed archive, TAMS=top-at-mark-start (previous, next)
|   0|0x00000000c0000000, 0x00000000c0100000, 0x00000000c0100000|100%|HS|  |TAMS 0x00000000c0100000, 0x00000000c0000000| Untracked 
|   1|0x00000000c0100000, 0x00000000c0200000, 0x00000000c0200000|100%|HC|  |TAMS 0x00000000c0200000, 0x00000000c0100000| Untracked 
|   2|0x00000000c0200000, 0x00000000c0300000, 0x00000000c0300000|100%|HC|  |TAMS 0x00000000c0300000, 0x00000000c0200000| Untracked 
|   3|0x00000000c0300000, 0x00000000c0400000, 0x00000000c0400000|100%|HC|  |TAMS 0x00000000c0400000, 0x00000000c0300000| Untracked 
|   4|0x00000000c0400000, 0x00000000c0500000, 0x00000000c0500000|100%| O|  |TAMS 0x00000000c0500000, 0x00000000c0400000| Untracked 
|   5|0x00000000c0500000, 0x00000000c0600000, 0x00000000c0600000|100%| O|  |TAMS 0x00000000c0600000, 0x00000000c0500000| Untracked 
|   6|0x00000000c0600000, 0x00000000c0700000, 0x00000000c0700000|100%| O|  |TAMS 0x00000000c0700000, 0x00000000c0600000| Untracked 
|   7|0x00000000c0700000, 0x00000000c0800000, 0x00000000c0800000|100%| O|  |TAMS 0x00000000c0800000, 0x00000000c0700000| Untracked 
|   8|0x00000000c0800000, 0x00000000c0900000, 0x00000000c0900000|100%| O|  |TAMS 0x00000000c0900000, 0x00000000c0800000| Untracked 
|   9|0x00000000c0900000, 0x00000000c09ffff8, 0x00000000c0a00000| 99%| O|  |TAMS 0x00000000c09ffff8, 0x00000000c0900000| Untracked 
|  10|0x00000000c0a00000, 0x00000000c0b00000, 0x00000000c0b00000|100%|HS|  |TAMS 0x00000000c0b00000, 0x00000000c0a00000| Untracked 
|  11|0x00000000c0b00000, 0x00000000c0c00000, 0x00000000c0c00000|100%|HC|  |TAMS 0x00000000c0c00000, 0x00000000c0b00000| Untracked 
|  12|0x00000000c0c00000, 0x00000000c0d00000, 0x00000000c0d00000|100%| O|  |TAMS 0x00000000c0d00000, 0x00000000c0c00000| Untracked 
|  13|0x00000000c0d00000, 0x00000000c0dffff0, 0x00000000c0e00000| 99%| O|  |TAMS 0x00000000c0dffff0, 0x00000000c0d00000| Untracked 
|  14|0x00000000c0e00000, 0x00000000c0effff8, 0x00000000c0f00000| 99%| O|  |TAMS 0x00000000c0effff8, 0x00000000c0e00000| Untracked 
|  15|0x00000000c0f00000, 0x00000000c0ffffe8, 0x00000000c1000000| 99%| O|  |TAMS 0x00000000c0ffffe8, 0x00000000c0f00000| Untracked 
|  16|0x00000000c1000000, 0x00000000c10fffd8, 0x00000000c1100000| 99%| O|  |TAMS 0x00000000c10fffd8, 0x00000000c1000000| Untracked 
|  17|0x00000000c1100000, 0x00000000c11fffd8, 0x00000000c1200000| 99%| O|  |TAMS 0x00000000c11fffd8, 0x00000000c1100000| Untracked 
|  18|0x00000000c1200000, 0x00000000c12fffd0, 0x00000000c1300000| 99%| O|  |TAMS 0x00000000c12fffd0, 0x00000000c1200000| Untracked 
|  19|0x00000000c1300000, 0x00000000c13feb18, 0x00000000c1400000| 99%| O|  |TAMS 0x00000000c13feb18, 0x00000000c1300000| Untracked 
|  20|0x00000000c1400000, 0x00000000c1500000, 0x00000000c1500000|100%| O|  |TAMS 0x00000000c1500000, 0x00000000c1400000| Untracked 
|  21|0x00000000c1500000, 0x00000000c15fffe0, 0x00000000c1600000| 99%| O|  |TAMS 0x00000000c15fffe0, 0x00000000c1500000| Untracked 
|  22|0x00000000c1600000, 0x00000000c1700000, 0x00000000c1700000|100%| O|  |TAMS 0x00000000c1700000, 0x00000000c1600000| Untracked 
|  23|0x00000000c1700000, 0x00000000c17a0de0, 0x00000000c1800000| 62%| O|  |TAMS 0x00000000c1700000, 0x00000000c1700000| Untracked 
|  24|0x00000000c1800000, 0x00000000c18ffff0, 0x00000000c1900000| 99%| O|  |TAMS 0x00000000c18ffff0, 0x00000000c1800000| Untracked 
|  25|0x00000000c1900000, 0x00000000c19088e8, 0x00000000c1a00000|  3%| O|  |TAMS 0x00000000c1900000, 0x00000000c1900000| Untracked 
|  26|0x00000000c1a00000, 0x00000000c1a00000, 0x00000000c1b00000|  0%| F|  |TAMS 0x00000000c1a00000, 0x00000000c1a00000| Untracked 
|  27|0x00000000c1b00000, 0x00000000c1b00000, 0x00000000c1c00000|  0%| F|  |TAMS 0x00000000c1b00000, 0x00000000c1b00000| Untracked 
|  28|0x00000000c1c00000, 0x00000000c1c00000, 0x00000000c1d00000|  0%| F|  |TAMS 0x00000000c1c00000, 0x00000000c1c00000| Untracked 
|  29|0x00000000c1d00000, 0x00000000c1d00000, 0x00000000c1e00000|  0%| F|  |TAMS 0x00000000c1d00000, 0x00000000c1d00000| Untracked 
|  30|0x00000000c1e00000, 0x00000000c1e00000, 0x00000000c1f00000|  0%| F|  |TAMS 0x00000000c1e00000, 0x00000000c1e00000| Untracked 
|  31|0x00000000c1f00000, 0x00000000c1f00000, 0x00000000c2000000|  0%| F|  |TAMS 0x00000000c1f00000, 0x00000000c1f00000| Untracked 
|  32|0x00000000c2000000, 0x00000000c2000000, 0x00000000c2100000|  0%| F|  |TAMS 0x00000000c2000000, 0x00000000c2000000| Untracked 
|  33|0x00000000c2100000, 0x00000000c2100000, 0x00000000c2200000|  0%| F|  |TAMS 0x00000000c2100000, 0x00000000c2100000| Untracked 
|  34|0x00000000c2200000, 0x00000000c2200000, 0x00000000c2300000|  0%| F|  |TAMS 0x00000000c2200000, 0x00000000c2200000| Untracked 
|  35|0x00000000c2300000, 0x00000000c2300000, 0x00000000c2400000|  0%| F|  |TAMS 0x00000000c2300000, 0x00000000c2300000| Untracked 
|  36|0x00000000c2400000, 0x00000000c2400000, 0x00000000c2500000|  0%| F|  |TAMS 0x00000000c2400000, 0x00000000c2400000| Untracked 
|  37|0x00000000c2500000, 0x00000000c2500000, 0x00000000c2600000|  0%| F|  |TAMS 0x00000000c2500000, 0x00000000c2500000| Untracked 
|  38|0x00000000c2600000, 0x00000000c2600000, 0x00000000c2700000|  0%| F|  |TAMS 0x00000000c2600000, 0x00000000c2600000| Untracked 
|  39|0x00000000c2700000, 0x00000000c2700000, 0x00000000c2800000|  0%| F|  |TAMS 0x00000000c2700000, 0x00000000c2700000| Untracked 
|  40|0x00000000c2800000, 0x00000000c2800000, 0x00000000c2900000|  0%| F|  |TAMS 0x00000000c2800000, 0x00000000c2800000| Untracked 
|  41|0x00000000c2900000, 0x00000000c2900000, 0x00000000c2a00000|  0%| F|  |TAMS 0x00000000c2900000, 0x00000000c2900000| Untracked 
|  42|0x00000000c2a00000, 0x00000000c2a00000, 0x00000000c2b00000|  0%| F|  |TAMS 0x00000000c2a00000, 0x00000000c2a00000| Untracked 
|  43|0x00000000c2b00000, 0x00000000c2b00000, 0x00000000c2c00000|  0%| F|  |TAMS 0x00000000c2b00000, 0x00000000c2b00000| Untracked 
|  44|0x00000000c2c00000, 0x00000000c2c00000, 0x00000000c2d00000|  0%| F|  |TAMS 0x00000000c2c00000, 0x00000000c2c00000| Untracked 
|  45|0x00000000c2d00000, 0x00000000c2d00000, 0x00000000c2e00000|  0%| F|  |TAMS 0x00000000c2d00000, 0x00000000c2d00000| Untracked 
|  46|0x00000000c2e00000, 0x00000000c2e00000, 0x00000000c2f00000|  0%| F|  |TAMS 0x00000000c2e00000, 0x00000000c2e00000| Untracked 
|  47|0x00000000c2f00000, 0x00000000c2f00000, 0x00000000c3000000|  0%| F|  |TAMS 0x00000000c2f00000, 0x00000000c2f00000| Untracked 
|  48|0x00000000c3000000, 0x00000000c3000000, 0x00000000c3100000|  0%| F|  |TAMS 0x00000000c3000000, 0x00000000c3000000| Untracked 
|  49|0x00000000c3100000, 0x00000000c3100000, 0x00000000c3200000|  0%| F|  |TAMS 0x00000000c3100000, 0x00000000c3100000| Untracked 
|  50|0x00000000c3200000, 0x00000000c3200000, 0x00000000c3300000|  0%| F|  |TAMS 0x00000000c3200000, 0x00000000c3200000| Untracked 
|  51|0x00000000c3300000, 0x00000000c3300000, 0x00000000c3400000|  0%| F|  |TAMS 0x00000000c3300000, 0x00000000c3300000| Untracked 
|  52|0x00000000c3400000, 0x00000000c3400000, 0x00000000c3500000|  0%| F|  |TAMS 0x00000000c3400000, 0x00000000c3400000| Untracked 
|  53|0x00000000c3500000, 0x00000000c3500000, 0x00000000c3600000|  0%| F|  |TAMS 0x00000000c3500000, 0x00000000c3500000| Untracked 
|  54|0x00000000c3600000, 0x00000000c3600000, 0x00000000c3700000|  0%| F|  |TAMS 0x00000000c3600000, 0x00000000c3600000| Untracked 
|  55|0x00000000c3700000, 0x00000000c3700000, 0x00000000c3800000|  0%| F|  |TAMS 0x00000000c3700000, 0x00000000c3700000| Untracked 
|  56|0x00000000c3800000, 0x00000000c3800000, 0x00000000c3900000|  0%| F|  |TAMS 0x00000000c3800000, 0x00000000c3800000| Untracked 
|  57|0x00000000c3900000, 0x00000000c3900000, 0x00000000c3a00000|  0%| F|  |TAMS 0x00000000c3900000, 0x00000000c3900000| Untracked 
|  58|0x00000000c3a00000, 0x00000000c3a00000, 0x00000000c3b00000|  0%| F|  |TAMS 0x00000000c3a00000, 0x00000000c3a00000| Untracked 
|  59|0x00000000c3b00000, 0x00000000c3b00000, 0x00000000c3c00000|  0%| F|  |TAMS 0x00000000c3b00000, 0x00000000c3b00000| Untracked 
|  60|0x00000000c3c00000, 0x00000000c3c00000, 0x00000000c3d00000|  0%| F|  |TAMS 0x00000000c3c00000, 0x00000000c3c00000| Untracked 
|  61|0x00000000c3d00000, 0x00000000c3d00000, 0x00000000c3e00000|  0%| F|  |TAMS 0x00000000c3d00000, 0x00000000c3d00000| Untracked 
|  62|0x00000000c3e00000, 0x00000000c3e00000, 0x00000000c3f00000|  0%| F|  |TAMS 0x00000000c3e00000, 0x00000000c3e00000| Untracked 
|  63|0x00000000c3f00000, 0x00000000c3f00000, 0x00000000c4000000|  0%| F|  |TAMS 0x00000000c3f00000, 0x00000000c3f00000| Untracked 
|  64|0x00000000c4000000, 0x00000000c4000000, 0x00000000c4100000|  0%| F|  |TAMS 0x00000000c4000000, 0x00000000c4000000| Untracked 
|  65|0x00000000c4100000, 0x00000000c4100000, 0x00000000c4200000|  0%| F|  |TAMS 0x00000000c4100000, 0x00000000c4100000| Untracked 
|  66|0x00000000c4200000, 0x00000000c4200000, 0x00000000c4300000|  0%| F|  |TAMS 0x00000000c4200000, 0x00000000c4200000| Untracked 
|  80|0x00000000c5000000, 0x00000000c5000000, 0x00000000c5100000|  0%| F|  |TAMS 0x00000000c5000000, 0x00000000c5000000| Untracked 
|  81|0x00000000c5100000, 0x00000000c5100000, 0x00000000c5200000|  0%| F|  |TAMS 0x00000000c5100000, 0x00000000c5100000| Untracked 
|  82|0x00000000c5200000, 0x00000000c5200000, 0x00000000c5300000|  0%| F|  |TAMS 0x00000000c5200000, 0x00000000c5200000| Untracked 
|  83|0x00000000c5300000, 0x00000000c5300000, 0x00000000c5400000|  0%| F|  |TAMS 0x00000000c5300000, 0x00000000c5300000| Untracked 
|  84|0x00000000c5400000, 0x00000000c5400000, 0x00000000c5500000|  0%| F|  |TAMS 0x00000000c5400000, 0x00000000c5400000| Untracked 
| 126|0x00000000c7e00000, 0x00000000c7e00000, 0x00000000c7f00000|  0%| F|  |TAMS 0x00000000c7e00000, 0x00000000c7e00000| Untracked 
| 127|0x00000000c7f00000, 0x00000000c7f171c0, 0x00000000c8000000|  9%| E|  |TAMS 0x00000000c7f00000, 0x00000000c7f00000| Complete 

Card table byte_map: [0x000002e8d6390000,0x000002e8d6590000] _byte_map_base: 0x000002e8d5d90000

Marking Bits (Prev, Next): (CMBitMap*) 0x000002e8ce8cca20, (CMBitMap*) 0x000002e8ce8cc9e0
 Prev Bits: [0x000002e8d7790000, 0x000002e8d8790000)
 Next Bits: [0x000002e8d6790000, 0x000002e8d7790000)

Polling page: 0x000002e8ce940000

Metaspace:

Usage:
  Non-class:     34.93 MB used.
      Class:      5.13 MB used.
       Both:     40.06 MB used.

Virtual space:
  Non-class space:       64.00 MB reserved,      35.19 MB ( 55%) committed,  1 nodes.
      Class space:        1.00 GB reserved,       5.31 MB ( <1%) committed,  1 nodes.
             Both:        1.06 GB reserved,      40.50 MB (  4%) committed. 

Chunk freelists:
   Non-Class:  12.25 MB
       Class:  10.68 MB
        Both:  22.93 MB

MaxMetaspaceSize: unlimited
CompressedClassSpaceSize: 1.00 GB
Initial GC threshold: 21.00 MB
Current GC threshold: 67.50 MB
CDS: off
MetaspaceReclaimPolicy: balanced
 - commit_granule_bytes: 65536.
 - commit_granule_words: 8192.
 - virtual_space_node_default_size: 8388608.
 - enlarge_chunks_in_place: 1.
 - new_chunks_are_fully_committed: 0.
 - uncommit_free_chunks: 1.
 - use_allocation_guard: 0.
 - handle_deallocations: 1.


Internal statistics:

num_allocs_failed_limit: 8.
num_arena_births: 508.
num_arena_deaths: 152.
num_vsnodes_births: 2.
num_vsnodes_deaths: 0.
num_space_committed: 647.
num_space_uncommitted: 0.
num_chunks_returned_to_freelist: 177.
num_chunks_taken_from_freelist: 1752.
num_chunk_merges: 56.
num_chunk_splits: 1209.
num_chunks_enlarged: 913.
num_inconsistent_stats: 0.

CodeCache: size=49152Kb used=7348Kb max_used=8390Kb free=41803Kb
 bounds [0x000002e8d2cf0000, 0x000002e8d3530000, 0x000002e8d5cf0000]
 total_blobs=4524 nmethods=3976 adapters=475
 compilation: enabled
              stopped_count=0, restarted_count=0
 full_count=0

Compilation events (20 events):
Event: 133263.309 Thread 0x000002e8df00bba0 3967       1       java.io.PrintStream::ensureOpen (18 bytes)
Event: 133263.309 Thread 0x000002e8df00bba0 nmethod 3967 0x000002e8d351b210 code [0x000002e8d351b3a0, 0x000002e8d351b508]
Event: 133264.545 Thread 0x000002e8df00bba0 3969       1       java.lang.Math::floorDiv (7 bytes)
Event: 133264.545 Thread 0x000002e8df00bba0 nmethod 3969 0x000002e8d351ae90 code [0x000002e8d351b020, 0x000002e8d351b138]
Event: 133266.468 Thread 0x000002e8df00bba0 3970       1       java.time.LocalDateTime::<init> (15 bytes)
Event: 133266.469 Thread 0x000002e8df00bba0 nmethod 3970 0x000002e8d351ab10 code [0x000002e8d351aca0, 0x000002e8d351adf8]
Event: 133283.137 Thread 0x000002e8df00bba0 3971       1       java.util.ArrayList$ArrayListSpliterator::forEachRemaining (127 bytes)
Event: 133283.137 Thread 0x000002e8df00bba0 nmethod 3971 0x000002e8d351a490 code [0x000002e8d351a660, 0x000002e8d351a948]
Event: 133339.533 Thread 0x000002e8df00bba0 3972       1       com.google.gson.stream.JsonReader::isLenient (5 bytes)
Event: 133339.534 Thread 0x000002e8df00bba0 nmethod 3972 0x000002e8d351a190 code [0x000002e8d351a320, 0x000002e8d351a3f8]
Event: 133340.222 Thread 0x000002e8df00bba0 3973       1       ch.qos.logback.core.UnsynchronizedAppenderBase::isStarted (5 bytes)
Event: 133340.222 Thread 0x000002e8df00bba0 nmethod 3973 0x000002e8d3519e90 code [0x000002e8d351a020, 0x000002e8d351a0f8]
Event: 133340.222 Thread 0x000002e8df00bba0 3974       1       java.time.LocalTime::create (26 bytes)
Event: 133340.222 Thread 0x000002e8df00bba0 nmethod 3974 0x000002e8d3519a90 code [0x000002e8d3519c20, 0x000002e8d3519d98]
Event: 133340.222 Thread 0x000002e8df00bba0 3975       1       ch.qos.logback.core.pattern.Converter::write (11 bytes)
Event: 133340.223 Thread 0x000002e8df00bba0 nmethod 3975 0x000002e8d3519710 code [0x000002e8d35198c0, 0x000002e8d35199d8]
Event: 133340.223 Thread 0x000002e8df00bba0 3976       1       ch.qos.logback.core.pattern.LiteralConverter::convert (5 bytes)
Event: 133340.223 Thread 0x000002e8df00bba0 nmethod 3976 0x000002e8d3519410 code [0x000002e8d35195a0, 0x000002e8d3519678]
Event: 133340.224 Thread 0x000002e8df00bba0 3977       1       java.time.LocalTime::ofNanoOfDay (68 bytes)
Event: 133340.227 Thread 0x000002e8df00bba0 nmethod 3977 0x000002e8d3518c10 code [0x000002e8d3518de0, 0x000002e8d35191b8]

GC Heap History (20 events):
Event: 133373.933 GC heap after
{Heap after GC invocations=3654 (full 3640):
 garbage-first heap   total 75776K, used 25248K [0x00000000c0000000, 0x0000000100000000)
  region size 1024K, 0 young (0K), 0 survivors (0K)
 Metaspace       used 41023K, committed 41472K, reserved 1114112K
  class space    used 5252K, committed 5440K, reserved 1048576K
}
Event: 133384.190 GC heap before
{Heap before GC invocations=3654 (full 3640):
 garbage-first heap   total 75776K, used 25248K [0x00000000c0000000, 0x0000000100000000)
  region size 1024K, 1 young (1024K), 0 survivors (0K)
 Metaspace       used 41023K, committed 41472K, reserved 1114112K
  class space    used 5252K, committed 5440K, reserved 1048576K
}
Event: 133384.219 GC heap after
{Heap after GC invocations=3655 (full 3641):
 garbage-first heap   total 75776K, used 25248K [0x00000000c0000000, 0x0000000100000000)
  region size 1024K, 0 young (0K), 0 survivors (0K)
 Metaspace       used 41023K, committed 41472K, reserved 1114112K
  class space    used 5252K, committed 5440K, reserved 1048576K
}
Event: 133394.476 GC heap before
{Heap before GC invocations=3655 (full 3641):
 garbage-first heap   total 75776K, used 25248K [0x00000000c0000000, 0x0000000100000000)
  region size 1024K, 1 young (1024K), 0 survivors (0K)
 Metaspace       used 41023K, committed 41472K, reserved 1114112K
  class space    used 5252K, committed 5440K, reserved 1048576K
}
Event: 133394.511 GC heap after
{Heap after GC invocations=3656 (full 3642):
 garbage-first heap   total 75776K, used 25248K [0x00000000c0000000, 0x0000000100000000)
  region size 1024K, 0 young (0K), 0 survivors (0K)
 Metaspace       used 41023K, committed 41472K, reserved 1114112K
  class space    used 5252K, committed 5440K, reserved 1048576K
}
Event: 133404.939 GC heap before
{Heap before GC invocations=3656 (full 3642):
 garbage-first heap   total 75776K, used 25248K [0x00000000c0000000, 0x0000000100000000)
  region size 1024K, 1 young (1024K), 0 survivors (0K)
 Metaspace       used 41023K, committed 41472K, reserved 1114112K
  class space    used 5252K, committed 5440K, reserved 1048576K
}
Event: 133404.985 GC heap after
{Heap after GC invocations=3657 (full 3643):
 garbage-first heap   total 75776K, used 25248K [0x00000000c0000000, 0x0000000100000000)
  region size 1024K, 0 young (0K), 0 survivors (0K)
 Metaspace       used 41023K, committed 41472K, reserved 1114112K
  class space    used 5252K, committed 5440K, reserved 1048576K
}
Event: 133415.419 GC heap before
{Heap before GC invocations=3657 (full 3643):
 garbage-first heap   total 75776K, used 25248K [0x00000000c0000000, 0x0000000100000000)
  region size 1024K, 1 young (1024K), 0 survivors (0K)
 Metaspace       used 41023K, committed 41472K, reserved 1114112K
  class space    used 5252K, committed 5440K, reserved 1048576K
}
Event: 133415.455 GC heap after
{Heap after GC invocations=3658 (full 3644):
 garbage-first heap   total 75776K, used 25248K [0x00000000c0000000, 0x0000000100000000)
  region size 1024K, 0 young (0K), 0 survivors (0K)
 Metaspace       used 41023K, committed 41472K, reserved 1114112K
  class space    used 5252K, committed 5440K, reserved 1048576K
}
Event: 133426.523 GC heap before
{Heap before GC invocations=3658 (full 3644):
 garbage-first heap   total 75776K, used 25248K [0x00000000c0000000, 0x0000000100000000)
  region size 1024K, 1 young (1024K), 0 survivors (0K)
 Metaspace       used 41023K, committed 41472K, reserved 1114112K
  class space    used 5252K, committed 5440K, reserved 1048576K
}
Event: 133426.563 GC heap after
{Heap after GC invocations=3659 (full 3645):
 garbage-first heap   total 75776K, used 25248K [0x00000000c0000000, 0x0000000100000000)
  region size 1024K, 0 young (0K), 0 survivors (0K)
 Metaspace       used 41023K, committed 41472K, reserved 1114112K
  class space    used 5252K, committed 5440K, reserved 1048576K
}
Event: 133437.246 GC heap before
{Heap before GC invocations=3659 (full 3645):
 garbage-first heap   total 75776K, used 25248K [0x00000000c0000000, 0x0000000100000000)
  region size 1024K, 1 young (1024K), 0 survivors (0K)
 Metaspace       used 41023K, committed 41472K, reserved 1114112K
  class space    used 5252K, committed 5440K, reserved 1048576K
}
Event: 133437.296 GC heap after
{Heap after GC invocations=3660 (full 3646):
 garbage-first heap   total 75776K, used 25248K [0x00000000c0000000, 0x0000000100000000)
  region size 1024K, 0 young (0K), 0 survivors (0K)
 Metaspace       used 41023K, committed 41472K, reserved 1114112K
  class space    used 5252K, committed 5440K, reserved 1048576K
}
Event: 133447.734 GC heap before
{Heap before GC invocations=3660 (full 3646):
 garbage-first heap   total 75776K, used 25248K [0x00000000c0000000, 0x0000000100000000)
  region size 1024K, 1 young (1024K), 0 survivors (0K)
 Metaspace       used 41023K, committed 41472K, reserved 1114112K
  class space    used 5252K, committed 5440K, reserved 1048576K
}
Event: 133447.785 GC heap after
{Heap after GC invocations=3661 (full 3647):
 garbage-first heap   total 75776K, used 25248K [0x00000000c0000000, 0x0000000100000000)
  region size 1024K, 0 young (0K), 0 survivors (0K)
 Metaspace       used 41023K, committed 41472K, reserved 1114112K
  class space    used 5252K, committed 5440K, reserved 1048576K
}
Event: 133458.365 GC heap before
{Heap before GC invocations=3661 (full 3647):
 garbage-first heap   total 75776K, used 25248K [0x00000000c0000000, 0x0000000100000000)
  region size 1024K, 1 young (1024K), 0 survivors (0K)
 Metaspace       used 41023K, committed 41472K, reserved 1114112K
  class space    used 5252K, committed 5440K, reserved 1048576K
}
Event: 133458.413 GC heap after
{Heap after GC invocations=3662 (full 3648):
 garbage-first heap   total 75776K, used 25248K [0x00000000c0000000, 0x0000000100000000)
  region size 1024K, 0 young (0K), 0 survivors (0K)
 Metaspace       used 41023K, committed 41472K, reserved 1114112K
  class space    used 5252K, committed 5440K, reserved 1048576K
}
Event: 133469.537 GC heap before
{Heap before GC invocations=3662 (full 3648):
 garbage-first heap   total 75776K, used 25248K [0x00000000c0000000, 0x0000000100000000)
  region size 1024K, 1 young (1024K), 0 survivors (0K)
 Metaspace       used 41023K, committed 41472K, reserved 1114112K
  class space    used 5252K, committed 5440K, reserved 1048576K
}
Event: 133469.578 GC heap after
{Heap after GC invocations=3663 (full 3649):
 garbage-first heap   total 75776K, used 25248K [0x00000000c0000000, 0x0000000100000000)
  region size 1024K, 0 young (0K), 0 survivors (0K)
 Metaspace       used 41023K, committed 41472K, reserved 1114112K
  class space    used 5252K, committed 5440K, reserved 1048576K
}
Event: 133480.361 GC heap before
{Heap before GC invocations=3663 (full 3649):
 garbage-first heap   total 75776K, used 25248K [0x00000000c0000000, 0x0000000100000000)
  region size 1024K, 1 young (1024K), 0 survivors (0K)
 Metaspace       used 41023K, committed 41472K, reserved 1114112K
  class space    used 5252K, committed 5440K, reserved 1048576K
}

Dll operation events (8 events):
Event: 0.058 Loaded shared library c:\Users\user\.vscode\extensions\redhat.java-1.34.0-win32-x64\jre\17.0.12-win32-x86_64\bin\java.dll
Event: 1.319 Loaded shared library C:\Users\user\.vscode\extensions\redhat.java-1.34.0-win32-x64\jre\17.0.12-win32-x86_64\bin\net.dll
Event: 1.488 Loaded shared library C:\Users\user\.vscode\extensions\redhat.java-1.34.0-win32-x64\jre\17.0.12-win32-x86_64\bin\nio.dll
Event: 5.091 Loaded shared library C:\Users\user\.vscode\extensions\redhat.java-1.34.0-win32-x64\jre\17.0.12-win32-x86_64\bin\zip.dll
Event: 26.502 Loaded shared library C:\Users\user\.vscode\extensions\redhat.java-1.34.0-win32-x64\jre\17.0.12-win32-x86_64\bin\jimage.dll
Event: 30.172 Loaded shared library c:\Users\user\.vscode\extensions\redhat.java-1.34.0-win32-x64\jre\17.0.12-win32-x86_64\bin\verify.dll
Event: 38.062 Loaded shared library C:\Users\user\.vscode\extensions\redhat.java-1.34.0-win32-x64\jre\17.0.12-win32-x86_64\bin\management.dll
Event: 38.075 Loaded shared library C:\Users\user\.vscode\extensions\redhat.java-1.34.0-win32-x64\jre\17.0.12-win32-x86_64\bin\management_ext.dll

Deoptimization events (6 events):
Event: 38.723 Thread 0x000002e8df8ad5a0 DEOPT PACKING pc=0x000002e8d322c681 sp=0x000000f2f43fdae0
Event: 38.723 Thread 0x000002e8df8ad5a0 DEOPT UNPACKING pc=0x000002e8d2d47143 sp=0x000000f2f43fcf70 mode 3
Event: 38.724 Thread 0x000002e8e099e4c0 DEOPT PACKING pc=0x000002e8d320c497 sp=0x000000f2f45ff0d0
Event: 38.724 Thread 0x000002e8e099e4c0 DEOPT UNPACKING pc=0x000002e8d2d47143 sp=0x000000f2f45fe528 mode 3
Event: 96.704 Thread 0x000002e8df8ad5a0 DEOPT PACKING pc=0x000002e8d32fced4 sp=0x000000f2f43fecc0
Event: 96.704 Thread 0x000002e8df8ad5a0 DEOPT UNPACKING pc=0x000002e8d2d47143 sp=0x000000f2f43fe168 mode 0

Classes loaded (20 events):
Event: 38.815 Loading class java/util/concurrent/ForkJoinPool$DefaultCommonPoolForkJoinWorkerThreadFactory$1
Event: 38.815 Loading class java/util/concurrent/ForkJoinPool$DefaultCommonPoolForkJoinWorkerThreadFactory$1 done
Event: 39.420 Loading class java/util/concurrent/atomic/AtomicLongFieldUpdater
Event: 39.420 Loading class java/util/concurrent/atomic/AtomicLongFieldUpdater done
Event: 39.420 Loading class java/util/concurrent/atomic/AtomicLongFieldUpdater$CASUpdater
Event: 39.421 Loading class java/util/concurrent/atomic/AtomicLongFieldUpdater$CASUpdater done
Event: 39.421 Loading class java/util/concurrent/atomic/AtomicLongFieldUpdater$CASUpdater$1
Event: 39.421 Loading class java/util/concurrent/atomic/AtomicLongFieldUpdater$CASUpdater$1 done
Event: 78.048 Loading class java/lang/ProcessBuilder
Event: 78.052 Loading class java/lang/ProcessBuilder done
Event: 78.052 Loading class java/lang/ProcessImpl
Event: 78.054 Loading class java/lang/ProcessImpl done
Event: 78.083 Loading class java/lang/ProcessImpl$2
Event: 78.083 Loading class java/lang/ProcessImpl$2 done
Event: 78.083 Loading class java/lang/Process$PipeInputStream
Event: 78.083 Loading class java/lang/Process$PipeInputStream done
Event: 78.084 Loading class jdk/internal/event/ProcessStartEvent
Event: 78.084 Loading class jdk/internal/event/ProcessStartEvent done
Event: 78.403 Loading class java/io/FileOutputStream$1
Event: 78.403 Loading class java/io/FileOutputStream$1 done

Classes unloaded (20 events):
Event: 139.015 Thread 0x000002e8dadbab90 Unloading class 0x00000001003b1400 'java/lang/invoke/LambdaForm$MH+0x00000001003b1400'
Event: 139.015 Thread 0x000002e8dadbab90 Unloading class 0x00000001003b1000 'java/lang/invoke/LambdaForm$MH+0x00000001003b1000'
Event: 139.015 Thread 0x000002e8dadbab90 Unloading class 0x00000001000d6000 'java/lang/invoke/LambdaForm$MH+0x00000001000d6000'
Event: 139.015 Thread 0x000002e8dadbab90 Unloading class 0x00000001000d5c00 'java/lang/invoke/LambdaForm$MH+0x00000001000d5c00'
Event: 139.015 Thread 0x000002e8dadbab90 Unloading class 0x00000001000d5800 'java/lang/invoke/LambdaForm$MH+0x00000001000d5800'
Event: 139.015 Thread 0x000002e8dadbab90 Unloading class 0x00000001000d5400 'java/lang/invoke/LambdaForm$MH+0x00000001000d5400'
Event: 139.015 Thread 0x000002e8dadbab90 Unloading class 0x00000001000d5000 'java/lang/invoke/LambdaForm$MH+0x00000001000d5000'
Event: 139.015 Thread 0x000002e8dadbab90 Unloading class 0x00000001000d4c00 'java/lang/invoke/LambdaForm$MH+0x00000001000d4c00'
Event: 139.015 Thread 0x000002e8dadbab90 Unloading class 0x00000001000d4800 'java/lang/invoke/LambdaForm$MH+0x00000001000d4800'
Event: 139.015 Thread 0x000002e8dadbab90 Unloading class 0x00000001000d4400 'java/lang/invoke/LambdaForm$MH+0x00000001000d4400'
Event: 139.015 Thread 0x000002e8dadbab90 Unloading class 0x00000001000ce800 'java/lang/invoke/LambdaForm$MH+0x00000001000ce800'
Event: 139.015 Thread 0x000002e8dadbab90 Unloading class 0x00000001000ce400 'java/lang/invoke/LambdaForm$MH+0x00000001000ce400'
Event: 139.015 Thread 0x000002e8dadbab90 Unloading class 0x00000001000ce000 'java/lang/invoke/LambdaForm$MH+0x00000001000ce000'
Event: 139.015 Thread 0x000002e8dadbab90 Unloading class 0x00000001000cdc00 'java/lang/invoke/LambdaForm$MH+0x00000001000cdc00'
Event: 139.015 Thread 0x000002e8dadbab90 Unloading class 0x00000001000cd800 'java/lang/invoke/LambdaForm$MH+0x00000001000cd800'
Event: 139.015 Thread 0x000002e8dadbab90 Unloading class 0x00000001000cd400 'java/lang/invoke/LambdaForm$MH+0x00000001000cd400'
Event: 139.015 Thread 0x000002e8dadbab90 Unloading class 0x00000001000ccc00 'java/lang/invoke/LambdaForm$MH+0x00000001000ccc00'
Event: 139.015 Thread 0x000002e8dadbab90 Unloading class 0x00000001000cc800 'java/lang/invoke/LambdaForm$MH+0x00000001000cc800'
Event: 139.015 Thread 0x000002e8dadbab90 Unloading class 0x00000001000cc000 'java/lang/invoke/LambdaForm$MH+0x00000001000cc000'
Event: 139.015 Thread 0x000002e8dadbab90 Unloading class 0x00000001000cbc00 'java/lang/invoke/LambdaForm$MH+0x00000001000cbc00'

Classes redefined (0 events):
No events

Internal exceptions (20 events):
Event: 33.902 Thread 0x000002e8ce6ee530 Exception <a 'java/lang/NoSuchMethodError'{0x00000000c39d47e8}: 'java.lang.Object java.lang.invoke.DirectMethodHandle$Holder.invokeStaticInit(java.lang.Object, int, int, int, int)'> (0x00000000c39d47e8) 
thrown [s\src\hotspot\share\interpreter\linkResolver.cpp, line 759]
Event: 33.971 Thread 0x000002e8ce6ee530 Exception <a 'java/lang/NoSuchMethodError'{0x00000000c381cf68}: 'java.lang.Object java.lang.invoke.DirectMethodHandle$Holder.invokeStaticInit(java.lang.Object, java.lang.Object, int, int, int, int)'> (0x00000000c381cf68) 
thrown [s\src\hotspot\share\interpreter\linkResolver.cpp, line 759]
Event: 34.380 Thread 0x000002e8ce6ee530 Exception <a 'java/lang/NoSuchMethodError'{0x00000000c30a0008}: 'void java.lang.invoke.DirectMethodHandle$Holder.invokeSpecialIFC(java.lang.Object, java.lang.Object, java.lang.Object)'> (0x00000000c30a0008) 
thrown [s\src\hotspot\share\interpreter\linkResolver.cpp, line 759]
Event: 35.916 Thread 0x000002e8ce6ee530 Exception <a 'java/lang/NoSuchMethodError'{0x00000000c33032c0}: 'int java.lang.invoke.DirectMethodHandle$Holder.invokeStaticInit(java.lang.Object, java.lang.Object, int, java.lang.Object)'> (0x00000000c33032c0) 
thrown [s\src\hotspot\share\interpreter\linkResolver.cpp, line 759]
Event: 36.310 Thread 0x000002e8ce6ee530 Exception <a 'java/lang/NoSuchMethodError'{0x00000000c7fb0968}: 'void java.lang.invoke.DirectMethodHandle$Holder.invokeSpecial(java.lang.Object, java.lang.Object, java.lang.Object, java.lang.Object, java.lang.Object, java.lang.Object, java.lang.Object)'> (0x00000000c7fb0968) 
thrown [s\src\hotspot\share\interpreter\linkResolver.cpp, line 759]
Event: 37.486 Thread 0x000002e8ce6ee530 Exception <a 'java/lang/NoSuchMethodError'{0x00000000c5002c70}: 'java.lang.Object java.lang.invoke.DirectMethodHandle$Holder.invokeInterface(java.lang.Object, java.lang.Object, int)'> (0x00000000c5002c70) 
thrown [s\src\hotspot\share\interpreter\linkResolver.cpp, line 759]
Event: 37.490 Thread 0x000002e8ce6ee530 Exception <a 'java/lang/IncompatibleClassChangeError'{0x00000000c50199e8}: Found class java.lang.Object, but interface was expected> (0x00000000c50199e8) 
thrown [s\src\hotspot\share\interpreter\linkResolver.cpp, line 826]
Event: 38.039 Thread 0x000002e8ce6ee530 Exception <a 'java/lang/NoSuchMethodError'{0x00000000c3d2efc0}: 'java.lang.Object java.lang.invoke.DirectMethodHandle$Holder.newInvokeSpecial(java.lang.Object, java.lang.Object, int, java.lang.Object, java.lang.Object)'> (0x00000000c3d2efc0) 
thrown [s\src\hotspot\share\interpreter\linkResolver.cpp, line 759]
Event: 38.041 Thread 0x000002e8ce6ee530 Exception <a 'java/lang/NoSuchMethodError'{0x00000000c3d45fb0}: 'java.lang.Object java.lang.invoke.DirectMethodHandle$Holder.newInvokeSpecial(java.lang.Object, java.lang.Object, java.lang.Object, int)'> (0x00000000c3d45fb0) 
thrown [s\src\hotspot\share\interpreter\linkResolver.cpp, line 759]
Event: 38.041 Thread 0x000002e8ce6ee530 Exception <a 'java/lang/NoSuchMethodError'{0x00000000c3d4a298}: 'java.lang.Object java.lang.invoke.DirectMethodHandle$Holder.invokeSpecial(java.lang.Object, java.lang.Object, java.lang.Object, java.lang.Object, int)'> (0x00000000c3d4a298) 
thrown [s\src\hotspot\share\interpreter\linkResolver.cpp, line 759]
Event: 38.041 Thread 0x000002e8ce6ee530 Exception <a 'java/lang/NoSuchMethodError'{0x00000000c3d4de60}: 'java.lang.Object java.lang.invoke.Invokers$Holder.linkToTargetMethod(java.lang.Object, java.lang.Object, int, java.lang.Object)'> (0x00000000c3d4de60) 
thrown [s\src\hotspot\share\interpreter\linkResolver.cpp, line 759]
Event: 38.662 Thread 0x000002e8df8ad5a0 Exception <a 'java/lang/NoSuchMethodError'{0x00000000c33ce038}: 'java.lang.Object java.lang.invoke.DirectMethodHandle$Holder.invokeStatic(java.lang.Object, java.lang.Object, java.lang.Object, int, java.lang.Object, java.lang.Object)'> (0x00000000c33ce038) 
thrown [s\src\hotspot\share\interpreter\linkResolver.cpp, line 759]
Event: 39.417 Thread 0x000002e8e099d590 Exception <a 'java/lang/NoSuchMethodError'{0x00000000c52a4de0}: 'int java.lang.invoke.DirectMethodHandle$Holder.invokeStatic(java.lang.Object)'> (0x00000000c52a4de0) 
thrown [s\src\hotspot\share\interpreter\linkResolver.cpp, line 759]
Event: 39.417 Thread 0x000002e8e099d590 Exception <a 'java/lang/NoSuchMethodError'{0x00000000c52a81e0}: 'int java.lang.invoke.DirectMethodHandle$Holder.invokeStaticInit(java.lang.Object)'> (0x00000000c52a81e0) 
thrown [s\src\hotspot\share\interpreter\linkResolver.cpp, line 759]
Event: 78.081 Thread 0x000002e8e008c4a0 Exception <a 'java/lang/NoSuchMethodError'{0x00000000c52f42d8}: 'void java.lang.invoke.DirectMethodHandle$Holder.invokeStatic(java.lang.Object, long)'> (0x00000000c52f42d8) 
thrown [s\src\hotspot\share\interpreter\linkResolver.cpp, line 759]
Event: 78.082 Thread 0x000002e8e008c4a0 Exception <a 'java/lang/NoSuchMethodError'{0x00000000c52f9680}: 'java.lang.Object java.lang.invoke.DirectMethodHandle$Holder.newInvokeSpecial(java.lang.Object, long)'> (0x00000000c52f9680) 
thrown [s\src\hotspot\share\interpreter\linkResolver.cpp, line 759]
Event: 133094.928 Thread 0x000002e8e08cd020 Exception <a 'sun/nio/fs/WindowsException'{0x00000000c54cc248}> (0x00000000c54cc248) 
thrown [s\src\hotspot\share\prims\jni.cpp, line 516]
Event: 133094.929 Thread 0x000002e8e08cd020 Exception <a 'sun/nio/fs/WindowsException'{0x00000000c54cc8e0}> (0x00000000c54cc8e0) 
thrown [s\src\hotspot\share\prims\jni.cpp, line 516]
Event: 133283.139 Thread 0x000002e8e08cd020 Exception <a 'sun/nio/fs/WindowsException'{0x00000000c546c918}> (0x00000000c546c918) 
thrown [s\src\hotspot\share\prims\jni.cpp, line 516]
Event: 133283.139 Thread 0x000002e8e08cd020 Exception <a 'sun/nio/fs/WindowsException'{0x00000000c546cfb0}> (0x00000000c546cfb0) 
thrown [s\src\hotspot\share\prims\jni.cpp, line 516]

VM Operations (20 events):
Event: 133373.933 Executing VM operation: G1CollectFull done
Event: 133384.189 Executing VM operation: G1CollectFull
Event: 133384.219 Executing VM operation: G1CollectFull done
Event: 133394.475 Executing VM operation: G1CollectFull
Event: 133394.511 Executing VM operation: G1CollectFull done
Event: 133404.939 Executing VM operation: G1CollectFull
Event: 133404.985 Executing VM operation: G1CollectFull done
Event: 133415.419 Executing VM operation: G1CollectFull
Event: 133415.455 Executing VM operation: G1CollectFull done
Event: 133426.523 Executing VM operation: G1CollectFull
Event: 133426.563 Executing VM operation: G1CollectFull done
Event: 133437.246 Executing VM operation: G1CollectFull
Event: 133437.296 Executing VM operation: G1CollectFull done
Event: 133447.734 Executing VM operation: G1CollectFull
Event: 133447.785 Executing VM operation: G1CollectFull done
Event: 133458.365 Executing VM operation: G1CollectFull
Event: 133458.413 Executing VM operation: G1CollectFull done
Event: 133469.537 Executing VM operation: G1CollectFull
Event: 133469.578 Executing VM operation: G1CollectFull done
Event: 133480.361 Executing VM operation: G1CollectFull

Events (20 events):
Event: 38.725 Thread 0x000002e8e09a0320 Thread added: 0x000002e8e09a0320
Event: 38.762 Thread 0x000002e8e099f3f0 Thread added: 0x000002e8e099f3f0
Event: 38.764 Thread 0x000002e8e099f900 Thread added: 0x000002e8e099f900
Event: 38.800 Thread 0x000002e8e09a0830 Thread added: 0x000002e8e09a0830
Event: 38.816 Thread 0x000002e8e099d080 Thread added: 0x000002e8e099d080
Event: 39.277 Thread 0x000002e8e099d590 Thread added: 0x000002e8e099d590
Event: 39.417 Thread 0x000002e8e04d08d0 Thread exited: 0x000002e8e04d08d0
Event: 44.424 Thread 0x000002e8df0b19c0 Thread exited: 0x000002e8df0b19c0
Event: 98.884 Thread 0x000002e8e099d080 Thread exited: 0x000002e8e099d080
Event: 160.857 Thread 0x000002e8e09a0830 Thread exited: 0x000002e8e09a0830
Event: 132005.709 Thread 0x000002e8e099e9d0 Thread added: 0x000002e8e099e9d0
Event: 132065.826 Thread 0x000002e8e099e9d0 Thread exited: 0x000002e8e099e9d0
Event: 133049.253 Thread 0x000002e8e09a0830 Thread added: 0x000002e8e09a0830
Event: 133049.441 Thread 0x000002e8e099d080 Thread added: 0x000002e8e099d080
Event: 133094.935 Thread 0x000002e8e0998010 Thread added: 0x000002e8e0998010
Event: 133094.936 Thread 0x000002e8e0998530 Thread added: 0x000002e8e0998530
Event: 133096.421 Thread 0x000002e8e0998530 Thread exited: 0x000002e8e0998530
Event: 133101.746 Thread 0x000002e8e0998010 Thread exited: 0x000002e8e0998010
Event: 133115.231 Thread 0x000002e8e099d080 Thread exited: 0x000002e8e099d080
Event: 133115.234 Thread 0x000002e8e09a0830 Thread exited: 0x000002e8e09a0830


Dynamic libraries:
0x00007ff69bcd0000 - 0x00007ff69bcde000 	c:\Users\user\.vscode\extensions\redhat.java-1.34.0-win32-x64\jre\17.0.12-win32-x86_64\bin\java.exe
0x00007fffab0b0000 - 0x00007fffab2a8000 	C:\Windows\SYSTEM32\ntdll.dll
0x00007fffa9940000 - 0x00007fffa99ff000 	C:\Windows\System32\KERNEL32.DLL
0x00007fffa8d70000 - 0x00007fffa9066000 	C:\Windows\System32\KERNELBASE.dll
0x00007fffa4910000 - 0x00007fffa49a1000 	C:\Windows\SYSTEM32\apphelp.dll
0x00007fffa8b50000 - 0x00007fffa8c50000 	C:\Windows\System32\ucrtbase.dll
0x00007fff904b0000 - 0x00007fff904c7000 	c:\Users\user\.vscode\extensions\redhat.java-1.34.0-win32-x64\jre\17.0.12-win32-x86_64\bin\jli.dll
0x00007fff90380000 - 0x00007fff9039b000 	c:\Users\user\.vscode\extensions\redhat.java-1.34.0-win32-x64\jre\17.0.12-win32-x86_64\bin\VCRUNTIME140.dll
0x00007fffaad30000 - 0x00007fffaaecd000 	C:\Windows\System32\USER32.dll
0x00007fffa90e0000 - 0x00007fffa9102000 	C:\Windows\System32\win32u.dll
0x00007fffa98f0000 - 0x00007fffa991c000 	C:\Windows\System32\GDI32.dll
0x00007fffa8c50000 - 0x00007fffa8d65000 	C:\Windows\System32\gdi32full.dll
0x00007fffa8790000 - 0x00007fffa882d000 	C:\Windows\System32\msvcp_win.dll
0x00007fffa7b80000 - 0x00007fffa7e1a000 	C:\Windows\WinSxS\amd64_microsoft.windows.common-controls_6595b64144ccf1df_6.0.19041.1110_none_60b5254171f9507e\COMCTL32.dll
0x00007fffa91c0000 - 0x00007fffa925e000 	C:\Windows\System32\msvcrt.dll
0x00007fffa9260000 - 0x00007fffa9290000 	C:\Windows\System32\IMM32.DLL
0x00007fffa22e0000 - 0x00007fffa22ec000 	c:\Users\user\.vscode\extensions\redhat.java-1.34.0-win32-x64\jre\17.0.12-win32-x86_64\bin\vcruntime140_1.dll
0x00007fff57bd0000 - 0x00007fff57c5d000 	c:\Users\user\.vscode\extensions\redhat.java-1.34.0-win32-x64\jre\17.0.12-win32-x86_64\bin\msvcp140.dll
0x00007fff396e0000 - 0x00007fff3a34a000 	c:\Users\user\.vscode\extensions\redhat.java-1.34.0-win32-x64\jre\17.0.12-win32-x86_64\bin\server\jvm.dll
0x00007fffa9110000 - 0x00007fffa91bf000 	C:\Windows\System32\ADVAPI32.dll
0x00007fffa9650000 - 0x00007fffa96ec000 	C:\Windows\System32\sechost.dll
0x00007fffaa380000 - 0x00007fffaa4a6000 	C:\Windows\System32\RPCRT4.dll
0x00007fffaa020000 - 0x00007fffaa08b000 	C:\Windows\System32\WS2_32.dll
0x00007fffa83b0000 - 0x00007fffa83fb000 	C:\Windows\SYSTEM32\POWRPROF.dll
0x00007fff85540000 - 0x00007fff85567000 	C:\Windows\SYSTEM32\WINMM.dll
0x00007fff95ec0000 - 0x00007fff95eca000 	C:\Windows\SYSTEM32\VERSION.dll
0x00007fffa7f10000 - 0x00007fffa7f22000 	C:\Windows\SYSTEM32\UMPDC.dll
0x00007fffa6280000 - 0x00007fffa6292000 	C:\Windows\SYSTEM32\kernel.appcore.dll
0x00007fff95850000 - 0x00007fff9585a000 	c:\Users\user\.vscode\extensions\redhat.java-1.34.0-win32-x64\jre\17.0.12-win32-x86_64\bin\jimage.dll
0x00007fffa8140000 - 0x00007fffa8324000 	C:\Windows\SYSTEM32\DBGHELP.DLL
0x00007fffa8100000 - 0x00007fffa8134000 	C:\Windows\SYSTEM32\dbgcore.DLL
0x00007fffa8830000 - 0x00007fffa88b2000 	C:\Windows\System32\bcryptPrimitives.dll
0x00007fff8a7d0000 - 0x00007fff8a7f5000 	c:\Users\user\.vscode\extensions\redhat.java-1.34.0-win32-x64\jre\17.0.12-win32-x86_64\bin\java.dll
0x00007fff8d200000 - 0x00007fff8d218000 	c:\Users\user\.vscode\extensions\redhat.java-1.34.0-win32-x64\jre\17.0.12-win32-x86_64\bin\zip.dll
0x00007fffaa510000 - 0x00007fffaac54000 	C:\Windows\System32\SHELL32.dll
0x00007fffa5ae0000 - 0x00007fffa6273000 	C:\Windows\SYSTEM32\windows.storage.dll
0x00007fffa9290000 - 0x00007fffa95e4000 	C:\Windows\System32\combase.dll
0x00007fffa7ae0000 - 0x00007fffa7b0e000 	C:\Windows\SYSTEM32\Wldp.dll
0x00007fffaa2d0000 - 0x00007fffaa37d000 	C:\Windows\System32\SHCORE.dll
0x00007fffa95f0000 - 0x00007fffa9645000 	C:\Windows\System32\shlwapi.dll
0x00007fffa86d0000 - 0x00007fffa86ef000 	C:\Windows\SYSTEM32\profapi.dll
0x00007fff868d0000 - 0x00007fff868e9000 	C:\Users\user\.vscode\extensions\redhat.java-1.34.0-win32-x64\jre\17.0.12-win32-x86_64\bin\net.dll
0x00007fff96430000 - 0x00007fff9653a000 	C:\Windows\SYSTEM32\WINHTTP.dll
0x00007fffa79b0000 - 0x00007fffa7a1a000 	C:\Windows\system32\mswsock.dll
0x00007fff84430000 - 0x00007fff84446000 	C:\Users\user\.vscode\extensions\redhat.java-1.34.0-win32-x64\jre\17.0.12-win32-x86_64\bin\nio.dll
0x00007fff90580000 - 0x00007fff90590000 	c:\Users\user\.vscode\extensions\redhat.java-1.34.0-win32-x64\jre\17.0.12-win32-x86_64\bin\verify.dll
0x00007fffa8520000 - 0x00007fffa8538000 	C:\Windows\SYSTEM32\CRYPTSP.dll
0x00007fffa7190000 - 0x00007fffa71c4000 	C:\Windows\system32\rsaenh.dll
0x00007fffa8970000 - 0x00007fffa8997000 	C:\Windows\System32\bcrypt.dll
0x00007fffa8690000 - 0x00007fffa86be000 	C:\Windows\SYSTEM32\USERENV.dll
0x00007fffa7aa0000 - 0x00007fffa7aac000 	C:\Windows\SYSTEM32\CRYPTBASE.dll
0x00007fffa7530000 - 0x00007fffa756c000 	C:\Windows\SYSTEM32\IPHLPAPI.DLL
0x00007fffaa2c0000 - 0x00007fffaa2c8000 	C:\Windows\System32\NSI.dll
0x00007fff9aa00000 - 0x00007fff9aa17000 	C:\Windows\SYSTEM32\dhcpcsvc6.DLL
0x00007fff99260000 - 0x00007fff9927d000 	C:\Windows\SYSTEM32\dhcpcsvc.DLL
0x00007fffa7570000 - 0x00007fffa763a000 	C:\Windows\SYSTEM32\DNSAPI.dll
0x00007fffa2300000 - 0x00007fffa2309000 	C:\Users\user\.vscode\extensions\redhat.java-1.34.0-win32-x64\jre\17.0.12-win32-x86_64\bin\management.dll
0x00007fffa22b0000 - 0x00007fffa22bb000 	C:\Users\user\.vscode\extensions\redhat.java-1.34.0-win32-x64\jre\17.0.12-win32-x86_64\bin\management_ext.dll
0x00007fffa9880000 - 0x00007fffa9888000 	C:\Windows\System32\PSAPI.DLL

dbghelp: loaded successfully - version: 4.0.5 - missing functions: none
symbol engine: initialized successfully - sym options: 0x614 - pdb path: .;c:\Users\user\.vscode\extensions\redhat.java-1.34.0-win32-x64\jre\17.0.12-win32-x86_64\bin;C:\Windows\SYSTEM32;C:\Windows\WinSxS\amd64_microsoft.windows.common-controls_6595b64144ccf1df_6.0.19041.1110_none_60b5254171f9507e;c:\Users\user\.vscode\extensions\redhat.java-1.34.0-win32-x64\jre\17.0.12-win32-x86_64\bin\server

VM Arguments:
jvm_args: -Xmx1024m -Dsts.lsp.client=vscode -Dsts.log.file=/dev/null -XX:TieredStopAtLevel=1 -Xlog:jni+resolve=off -Dspring.config.location=file:c:\Users\user\.vscode\extensions\vmware.vscode-spring-boot-1.56.0\language-server\BOOT-INF\classes\application.properties 
java_command: org.springframework.ide.vscode.boot.app.BootLanguageServerBootApp
java_class_path (initial): c:\Users\user\.vscode\extensions\vmware.vscode-spring-boot-1.56.0\language-server\BOOT-INF\classes;c:\Users\user\.vscode\extensions\vmware.vscode-spring-boot-1.56.0\language-server\BOOT-INF\lib\annotations-24.1.0.jar;c:\Users\user\.vscode\extensions\vmware.vscode-spring-boot-1.56.0\language-server\BOOT-INF\lib\antlr4-runtime-4.13.1.jar;c:\Users\user\.vscode\extensions\vmware.vscode-spring-boot-1.56.0\language-server\BOOT-INF\lib\asm-9.7.jar;c:\Users\user\.vscode\extensions\vmware.vscode-spring-boot-1.56.0\language-server\BOOT-INF\lib\asm-analysis-9.7.jar;c:\Users\user\.vscode\extensions\vmware.vscode-spring-boot-1.56.0\language-server\BOOT-INF\lib\asm-tree-9.7.jar;c:\Users\user\.vscode\extensions\vmware.vscode-spring-boot-1.56.0\language-server\BOOT-INF\lib\asm-util-9.7.jar;c:\Users\user\.vscode\extensions\vmware.vscode-spring-boot-1.56.0\language-server\BOOT-INF\lib\caffeine-3.1.8.jar;c:\Users\user\.vscode\extensions\vmware.vscode-spring-boot-1.56.0\language-server\BOOT-INF\lib\checker-qual-3.12.0.jar;c:\Users\user\.vscode\extensions\vmware.vscode-spring-boot-1.56.0\language-server\BOOT-INF\lib\classgraph-4.8.149.jar;c:\Users\user\.vscode\extensions\vmware.vscode-spring-boot-1.56.0\language-server\BOOT-INF\lib\commons-codec-1.16.1.jar;c:\Users\user\.vscode\extensions\vmware.vscode-spring-boot-1.56.0\language-server\BOOT-INF\lib\commons-compress-1.26.2.jar;c:\Users\user\.vscode\extensions\vmware.vscode-spring-boot-1.56.0\language-server\BOOT-INF\lib\commons-io-2.16.1.jar;c:\Users\user\.vscode\extensions\vmware.vscode-spring-boot-1.56.0\language-server\BOOT-INF\lib\commons-java-1.56.0-SNAPSHOT.jar;c:\Users\user\.vscode\extensions\vmware.vscode-spring-boot-1.56.0\language-server\BOOT-INF\lib\commons-lang3-3.14.0.jar;c:\Users\user\.vscode\extensions\vmware.vscode-spring-boot-1.56.0\language-server\BOOT-INF\lib\commons-language-server-1.56.0-SNAPSHOT.jar;c:\Users\user\.vscode\extensions\vmware.vscode-spring-boot-1.56.0\language-server\BOOT-I
Launcher Type: SUN_STANDARD

[Global flags]
     intx CICompilerCount                          = 3                                         {product} {ergonomic}
     uint ConcGCThreads                            = 1                                         {product} {ergonomic}
     uint G1ConcRefinementThreads                  = 4                                         {product} {ergonomic}
   size_t G1HeapRegionSize                         = 1048576                                   {product} {ergonomic}
    uintx GCDrainStackTargetSize                   = 64                                        {product} {ergonomic}
   size_t InitialHeapSize                          = 134217728                                 {product} {ergonomic}
   size_t MarkStackSize                            = 4194304                                   {product} {ergonomic}
   size_t MaxHeapSize                              = 1073741824                                {product} {command line}
   size_t MaxNewSize                               = 643825664                                 {product} {ergonomic}
   size_t MinHeapDeltaBytes                        = 1048576                                   {product} {ergonomic}
   size_t MinHeapSize                              = 8388608                                   {product} {ergonomic}
    uintx NonProfiledCodeHeapSize                  = 0                                      {pd product} {ergonomic}
     bool ProfileInterpreter                       = false                                  {pd product} {command line}
    uintx ProfiledCodeHeapSize                     = 0                                      {pd product} {ergonomic}
   size_t SoftMaxHeapSize                          = 1073741824                             {manageable} {ergonomic}
     intx TieredStopAtLevel                        = 1                                         {product} {command line}
     bool UseCompressedClassPointers               = true                           {product lp64_product} {ergonomic}
     bool UseCompressedOops                        = true                           {product lp64_product} {ergonomic}
     bool UseG1GC                                  = true                                      {product} {ergonomic}
     bool UseLargePagesIndividualAllocation        = false                                  {pd product} {ergonomic}

Logging:
Log output configuration:
 #0: stdout all=warning,jni+resolve=off uptime,level,tags
 #1: stderr all=off uptime,level,tags

Environment Variables:
JAVA_HOME=C:\Program Files\Java\jdk-17
PATH=C:\Program Files\Common Files\Oracle\Java\javapath;C:\Program Files (x86)\Common Files\Oracle\Java\javapath;C:\Windows\system32;C:\Windows;C:\Windows\System32\Wbem;C:\Windows\System32\WindowsPowerShell\v1.0\;C:\Windows\System32\OpenSSH\;C:\Program Files\PuTTY\;C:\Users\user\Documents\MATLAB\bin;C:\Program Files\Git\cmd;C:\Program Files\Docker\Docker\resources\bin;C:\ProgramData\chocolatey\bin;C:\Users\user\Documents\gradle\gradle-8.7-all\gradle-8.7\bin;N:\nvm;C:\Program Files\nodejs;C:\Users\user\AppData\Local\Android\Sdk\platform-tools;C:\Users\user\AppData\Local\Android\Sdk\tools;C:\Users\user\AppData\Local\Android\Sdk\platform-tools;C:\Program Files\Java\jdk-17\bin;C:\Users\user\AppData\Local\Android\Sdk\tools\bin;C:\Users\user\AppData\Local\Android\Sdk\build-tools;C:\Users\user\AppData\Local\Programs\Python\Python310\Scripts\;C:\Users\user\AppData\Local\Programs\Python\Python310\;C:\Program Files\MySQL\MySQL Shell 8.0\bin\;C:\Users\user\AppData\Local\Microsoft\WindowsApps;C:\Users\user\AppData\Local\Programs\Microsoft VS Code\bin;C:\Users\user\AppData\Local\JetBrains\IntelliJ IDEA 2023.3.2\bin;;C:\Program Files\JetBrains\IntelliJ IDEA Community Edition 2023.3.2\bin;;C:\Users\user\AppData\Roaming\npm;N:\nvm;C:\Program Files\nodejs
USERNAME=user
OS=Windows_NT
PROCESSOR_IDENTIFIER=Intel64 Family 6 Model 142 Stepping 9, GenuineIntel
TMP=C:\Users\user\AppData\Local\Temp
TEMP=C:\Users\user\AppData\Local\Temp



Periodic native trim disabled


---------------  S Y S T E M  ---------------

OS:
 Windows 10 , 64 bit Build 19041 (10.0.19041.3031)
OS uptime: 7 days 14:09 hours
Hyper-V role detected

CPU: total 4 (initial active 4) (2 cores per cpu, 2 threads per core) family 6 model 142 stepping 9 microcode 0xb4, cx8, cmov, fxsr, ht, mmx, 3dnowpref, sse, sse2, sse3, ssse3, sse4.1, sse4.2, popcnt, lzcnt, tsc, tscinvbit, avx, avx2, aes, erms, clmul, bmi1, bmi2, adx, fma, vzeroupper, clflush, clflushopt, hv
Processor Information for all 4 processors :
  Max Mhz: 2400, Current Mhz: 2400, Mhz Limit: 2400

Memory: 4k page, system-wide physical 8103M (321M free)
TotalPageFile size 20272M (AvailPageFile size 5M)
current process WorkingSet (physical memory assigned to process): 59M, peak: 172M
current process commit charge ("private bytes"): 202M, peak: 225M

vm_info: OpenJDK 64-Bit Server VM (17.0.12+7) for windows-amd64 JRE (17.0.12+7), built on Jul 16 2024 22:08:24 by "admin" with MS VC++ 16.10 / 16.11 (VS2019)

END.
